SF:/Users/jean-christophe.saad-dupuy2/src/github.com/autonomous-toaster/spin-rs/src/cli/mod.rs
FN:196,_RNvNtCsnavbcFppNd_7spin_rs3cli12print_result
FN:79,_RNvNtCsnavbcFppNd_7spin_rs3cli3run
FN:83,_RNCNvNtCsnavbcFppNd_7spin_rs3cli3run0B5_
FN:83,_RNCNvNtCs2QpVtfoC3BR_7spin_rs3cli3run0B5_
FN:196,_RNvNtCs2QpVtfoC3BR_7spin_rs3cli12print_result
FN:79,_RNvNtCs2QpVtfoC3BR_7spin_rs3cli3run
FN:257,_RNvNtNtCs2QpVtfoC3BR_7spin_rs3cli5testss_18test_cli_parse_ltl
FN:246,_RNvNtNtCs2QpVtfoC3BR_7spin_rs3cli5testss_18test_cli_parse_run
FN:226,_RNvNtNtCs2QpVtfoC3BR_7spin_rs3cli5testss_20test_cli_parse_basic
FN:273,_RNvNtNtCs2QpVtfoC3BR_7spin_rs3cli5testss_22test_cli_parse_options
FN:235,_RNvNtNtCs2QpVtfoC3BR_7spin_rs3cli5testss_23test_cli_parse_generate
FNDA:0,_RNvNtCsnavbcFppNd_7spin_rs3cli12print_result
FNDA:0,_RNvNtCsnavbcFppNd_7spin_rs3cli3run
FNDA:0,_RNCNvNtCsnavbcFppNd_7spin_rs3cli3run0B5_
FNDA:0,_RNCNvNtCs2QpVtfoC3BR_7spin_rs3cli3run0B5_
FNDA:0,_RNvNtCs2QpVtfoC3BR_7spin_rs3cli12print_result
FNDA:0,_RNvNtCs2QpVtfoC3BR_7spin_rs3cli3run
FNDA:1,_RNvNtNtCs2QpVtfoC3BR_7spin_rs3cli5testss_18test_cli_parse_ltl
FNDA:1,_RNvNtNtCs2QpVtfoC3BR_7spin_rs3cli5testss_18test_cli_parse_run
FNDA:1,_RNvNtNtCs2QpVtfoC3BR_7spin_rs3cli5testss_20test_cli_parse_basic
FNDA:1,_RNvNtNtCs2QpVtfoC3BR_7spin_rs3cli5testss_22test_cli_parse_options
FNDA:1,_RNvNtNtCs2QpVtfoC3BR_7spin_rs3cli5testss_23test_cli_parse_generate
FNF:8
FNH:5
DA:79,0
DA:80,0
DA:83,0
DA:84,0
DA:86,0
DA:89,0
DA:91,0
DA:93,0
DA:94,0
DA:95,0
DA:96,0
DA:97,0
DA:99,0
DA:101,0
DA:102,0
DA:103,0
DA:104,0
DA:105,0
DA:106,0
DA:108,0
DA:110,0
DA:111,0
DA:112,0
DA:113,0
DA:114,0
DA:115,0
DA:116,0
DA:117,0
DA:118,0
DA:119,0
DA:120,0
DA:121,0
DA:122,0
DA:125,0
DA:126,0
DA:127,0
DA:129,0
DA:132,0
DA:135,0
DA:138,0
DA:141,0
DA:142,0
DA:143,0
DA:146,0
DA:147,0
DA:148,0
DA:149,0
DA:152,0
DA:153,0
DA:154,0
DA:155,0
DA:156,0
DA:157,0
DA:158,0
DA:160,0
DA:161,0
DA:162,0
DA:164,0
DA:167,0
DA:170,0
DA:173,0
DA:174,0
DA:175,0
DA:176,0
DA:177,0
DA:178,0
DA:179,0
DA:182,0
DA:183,0
DA:184,0
DA:186,0
DA:187,0
DA:188,0
DA:189,0
DA:190,0
DA:192,0
DA:193,0
DA:196,0
DA:197,0
DA:198,0
DA:199,0
DA:200,0
DA:201,0
DA:202,0
DA:203,0
DA:205,0
DA:206,0
DA:207,0
DA:208,0
DA:209,0
DA:210,0
DA:211,0
DA:212,0
DA:213,0
DA:214,0
DA:215,0
DA:216,0
DA:217,0
DA:218,0
DA:219,0
DA:226,1
DA:227,1
DA:228,1
DA:229,1
DA:230,1
DA:231,1
DA:232,1
DA:235,1
DA:236,1
DA:237,1
DA:238,1
DA:239,1
DA:241,1
DA:242,1
DA:243,1
DA:246,1
DA:247,1
DA:248,1
DA:249,1
DA:250,1
DA:252,1
DA:253,1
DA:254,1
DA:257,1
DA:258,1
DA:259,1
DA:260,1
DA:261,1
DA:262,1
DA:263,1
DA:265,1
DA:266,1
DA:267,1
DA:268,1
DA:269,1
DA:270,1
DA:273,1
DA:274,1
DA:275,1
DA:276,1
DA:277,1
DA:278,1
DA:279,1
DA:280,1
DA:281,1
DA:282,1
DA:283,1
DA:284,1
DA:285,1
DA:286,1
DA:287,1
DA:288,1
DA:289,1
DA:291,1
DA:292,1
DA:293,1
DA:294,1
DA:295,1
DA:296,1
DA:297,1
DA:298,1
DA:299,1
DA:300,1
BRF:0
BRH:0
LF:165
LH:63
end_of_record
SF:/Users/jean-christophe.saad-dupuy2/src/github.com/autonomous-toaster/spin-rs/src/codegen/mod.rs
FN:202,_RNCNvMNtCsnavbcFppNd_7spin_rs7codegenNtB4_12LuaGenerator10emit_stmts0B6_
FN:282,_RNCNvMNtCsnavbcFppNd_7spin_rs7codegenNtB4_12LuaGenerator10emit_stmtss0_0B6_
FN:212,_RNCNvMNtCsnavbcFppNd_7spin_rs7codegenNtB4_12LuaGenerator10emit_stmtss_0B6_
FN:459,_RNCNvMNtCsnavbcFppNd_7spin_rs7codegenNtB4_12LuaGenerator11expr_to_lua0B6_
FN:98,_RNCNvMNtCsnavbcFppNd_7spin_rs7codegenNtB4_12LuaGenerator17emit_state_layout0B6_
FN:161,_RNvMNtCsnavbcFppNd_7spin_rs7codegenNtB2_12LuaGenerator10emit_stmts
FN:315,_RNvMNtCsnavbcFppNd_7spin_rs7codegenNtB2_12LuaGenerator11emit_guards
FN:50,_RNvMNtCsnavbcFppNd_7spin_rs7codegenNtB2_12LuaGenerator11emit_header
FN:406,_RNvMNtCsnavbcFppNd_7spin_rs7codegenNtB2_12LuaGenerator11expr_to_lua
FN:380,_RNvMNtCsnavbcFppNd_7spin_rs7codegenNtB2_12LuaGenerator12emit_trailer
FN:142,_RNvMNtCsnavbcFppNd_7spin_rs7codegenNtB2_12LuaGenerator13emit_proctype
FN:114,_RNvMNtCsnavbcFppNd_7spin_rs7codegenNtB2_12LuaGenerator14emit_proctypes
FN:71,_RNvMNtCsnavbcFppNd_7spin_rs7codegenNtB2_12LuaGenerator17emit_state_layout
FN:34,_RNvMNtCsnavbcFppNd_7spin_rs7codegenNtB2_12LuaGenerator3new
FN:42,_RNvMNtCsnavbcFppNd_7spin_rs7codegenNtB2_12LuaGenerator4emit
FN:482,_RNvMNtCsnavbcFppNd_7spin_rs7codegenNtB2_12LuaGenerator6finish
FN:490,_RNvNtCsnavbcFppNd_7spin_rs7codegen13default_value
FN:18,_RNvNtCsnavbcFppNd_7spin_rs7codegen8generate
FN:161,_RNvMNtCs2QpVtfoC3BR_7spin_rs7codegenNtB2_12LuaGenerator10emit_stmts
FN:315,_RNvMNtCs2QpVtfoC3BR_7spin_rs7codegenNtB2_12LuaGenerator11emit_guards
FN:50,_RNvMNtCs2QpVtfoC3BR_7spin_rs7codegenNtB2_12LuaGenerator11emit_header
FN:406,_RNvMNtCs2QpVtfoC3BR_7spin_rs7codegenNtB2_12LuaGenerator11expr_to_lua
FN:380,_RNvMNtCs2QpVtfoC3BR_7spin_rs7codegenNtB2_12LuaGenerator12emit_trailer
FN:142,_RNvMNtCs2QpVtfoC3BR_7spin_rs7codegenNtB2_12LuaGenerator13emit_proctype
FN:114,_RNvMNtCs2QpVtfoC3BR_7spin_rs7codegenNtB2_12LuaGenerator14emit_proctypes
FN:71,_RNvMNtCs2QpVtfoC3BR_7spin_rs7codegenNtB2_12LuaGenerator17emit_state_layout
FN:34,_RNvMNtCs2QpVtfoC3BR_7spin_rs7codegenNtB2_12LuaGenerator3new
FN:42,_RNvMNtCs2QpVtfoC3BR_7spin_rs7codegenNtB2_12LuaGenerator4emit
FN:482,_RNvMNtCs2QpVtfoC3BR_7spin_rs7codegenNtB2_12LuaGenerator6finish
FN:490,_RNvNtCs2QpVtfoC3BR_7spin_rs7codegen13default_value
FN:18,_RNvNtCs2QpVtfoC3BR_7spin_rs7codegen8generate
FN:525,_RNvNtNtCs2QpVtfoC3BR_7spin_rs7codegen5testss_17test_generate_ltl
FN:516,_RNvNtNtCs2QpVtfoC3BR_7spin_rs7codegen5testss_25test_generate_with_guards
FN:506,_RNvNtNtCs2QpVtfoC3BR_7spin_rs7codegen5testss_28test_generate_basic_proctype
FN:202,_RNCNvMNtCs2QpVtfoC3BR_7spin_rs7codegenNtB4_12LuaGenerator10emit_stmts0B6_
FN:282,_RNCNvMNtCs2QpVtfoC3BR_7spin_rs7codegenNtB4_12LuaGenerator10emit_stmtss0_0B6_
FN:212,_RNCNvMNtCs2QpVtfoC3BR_7spin_rs7codegenNtB4_12LuaGenerator10emit_stmtss_0B6_
FN:459,_RNCNvMNtCs2QpVtfoC3BR_7spin_rs7codegenNtB4_12LuaGenerator11expr_to_lua0B6_
FN:98,_RNCNvMNtCs2QpVtfoC3BR_7spin_rs7codegenNtB4_12LuaGenerator17emit_state_layout0B6_
FNDA:0,_RNCNvMNtCsnavbcFppNd_7spin_rs7codegenNtB4_12LuaGenerator10emit_stmts0B6_
FNDA:0,_RNCNvMNtCsnavbcFppNd_7spin_rs7codegenNtB4_12LuaGenerator10emit_stmtss0_0B6_
FNDA:0,_RNCNvMNtCsnavbcFppNd_7spin_rs7codegenNtB4_12LuaGenerator10emit_stmtss_0B6_
FNDA:0,_RNCNvMNtCsnavbcFppNd_7spin_rs7codegenNtB4_12LuaGenerator11expr_to_lua0B6_
FNDA:5,_RNCNvMNtCsnavbcFppNd_7spin_rs7codegenNtB4_12LuaGenerator17emit_state_layout0B6_
FNDA:5,_RNvMNtCsnavbcFppNd_7spin_rs7codegenNtB2_12LuaGenerator10emit_stmts
FNDA:1,_RNvMNtCsnavbcFppNd_7spin_rs7codegenNtB2_12LuaGenerator11emit_guards
FNDA:19,_RNvMNtCsnavbcFppNd_7spin_rs7codegenNtB2_12LuaGenerator11emit_header
FNDA:15,_RNvMNtCsnavbcFppNd_7spin_rs7codegenNtB2_12LuaGenerator11expr_to_lua
FNDA:19,_RNvMNtCsnavbcFppNd_7spin_rs7codegenNtB2_12LuaGenerator12emit_trailer
FNDA:5,_RNvMNtCsnavbcFppNd_7spin_rs7codegenNtB2_12LuaGenerator13emit_proctype
FNDA:19,_RNvMNtCsnavbcFppNd_7spin_rs7codegenNtB2_12LuaGenerator14emit_proctypes
FNDA:19,_RNvMNtCsnavbcFppNd_7spin_rs7codegenNtB2_12LuaGenerator17emit_state_layout
FNDA:19,_RNvMNtCsnavbcFppNd_7spin_rs7codegenNtB2_12LuaGenerator3new
FNDA:730,_RNvMNtCsnavbcFppNd_7spin_rs7codegenNtB2_12LuaGenerator4emit
FNDA:19,_RNvMNtCsnavbcFppNd_7spin_rs7codegenNtB2_12LuaGenerator6finish
FNDA:7,_RNvNtCsnavbcFppNd_7spin_rs7codegen13default_value
FNDA:19,_RNvNtCsnavbcFppNd_7spin_rs7codegen8generate
FNDA:10,_RNvMNtCs2QpVtfoC3BR_7spin_rs7codegenNtB2_12LuaGenerator10emit_stmts
FNDA:1,_RNvMNtCs2QpVtfoC3BR_7spin_rs7codegenNtB2_12LuaGenerator11emit_guards
FNDA:10,_RNvMNtCs2QpVtfoC3BR_7spin_rs7codegenNtB2_12LuaGenerator11emit_header
FNDA:14,_RNvMNtCs2QpVtfoC3BR_7spin_rs7codegenNtB2_12LuaGenerator11expr_to_lua
FNDA:10,_RNvMNtCs2QpVtfoC3BR_7spin_rs7codegenNtB2_12LuaGenerator12emit_trailer
FNDA:10,_RNvMNtCs2QpVtfoC3BR_7spin_rs7codegenNtB2_12LuaGenerator13emit_proctype
FNDA:10,_RNvMNtCs2QpVtfoC3BR_7spin_rs7codegenNtB2_12LuaGenerator14emit_proctypes
FNDA:10,_RNvMNtCs2QpVtfoC3BR_7spin_rs7codegenNtB2_12LuaGenerator17emit_state_layout
FNDA:10,_RNvMNtCs2QpVtfoC3BR_7spin_rs7codegenNtB2_12LuaGenerator3new
FNDA:500,_RNvMNtCs2QpVtfoC3BR_7spin_rs7codegenNtB2_12LuaGenerator4emit
FNDA:10,_RNvMNtCs2QpVtfoC3BR_7spin_rs7codegenNtB2_12LuaGenerator6finish
FNDA:8,_RNvNtCs2QpVtfoC3BR_7spin_rs7codegen13default_value
FNDA:10,_RNvNtCs2QpVtfoC3BR_7spin_rs7codegen8generate
FNDA:1,_RNvNtNtCs2QpVtfoC3BR_7spin_rs7codegen5testss_17test_generate_ltl
FNDA:1,_RNvNtNtCs2QpVtfoC3BR_7spin_rs7codegen5testss_25test_generate_with_guards
FNDA:1,_RNvNtNtCs2QpVtfoC3BR_7spin_rs7codegen5testss_28test_generate_basic_proctype
FNDA:0,_RNCNvMNtCs2QpVtfoC3BR_7spin_rs7codegenNtB4_12LuaGenerator10emit_stmts0B6_
FNDA:0,_RNCNvMNtCs2QpVtfoC3BR_7spin_rs7codegenNtB4_12LuaGenerator10emit_stmtss0_0B6_
FNDA:0,_RNCNvMNtCs2QpVtfoC3BR_7spin_rs7codegenNtB4_12LuaGenerator10emit_stmtss_0B6_
FNDA:0,_RNCNvMNtCs2QpVtfoC3BR_7spin_rs7codegenNtB4_12LuaGenerator11expr_to_lua0B6_
FNDA:10,_RNCNvMNtCs2QpVtfoC3BR_7spin_rs7codegenNtB4_12LuaGenerator17emit_state_layout0B6_
FNF:21
FNH:17
DA:18,29
DA:19,29
DA:20,29
DA:21,29
DA:22,29
DA:23,29
DA:24,29
DA:25,29
DA:34,29
DA:35,29
DA:36,29
DA:37,29
DA:38,29
DA:39,29
DA:40,29
DA:42,1230
DA:43,1230
DA:44,1084
DA:45,1084
DA:46,1084
DA:47,1230
DA:48,1230
DA:50,29
DA:51,29
DA:52,29
DA:53,29
DA:54,29
DA:55,29
DA:56,29
DA:57,29
DA:58,29
DA:59,29
DA:60,29
DA:61,29
DA:62,29
DA:63,29
DA:65,29
DA:66,29
DA:67,29
DA:68,29
DA:69,29
DA:71,29
DA:73,29
DA:74,29
DA:75,20
DA:76,3
DA:77,3
DA:78,3
DA:79,3
DA:80,15
DA:82,15
DA:83,0
DA:84,0
DA:85,0
DA:86,0
DA:87,0
DA:88,0
DA:90,2
DA:95,29
DA:96,29
DA:97,29
DA:98,29
DA:99,29
DA:101,29
DA:102,29
DA:103,29
DA:104,29
DA:105,3
DA:106,3
DA:108,29
DA:109,29
DA:110,29
DA:111,29
DA:112,29
DA:114,29
DA:115,29
DA:116,20
DA:117,15
DA:118,15
DA:119,15
DA:120,0
DA:121,0
DA:122,0
DA:123,0
DA:124,0
DA:125,0
DA:126,0
DA:127,0
DA:128,0
DA:129,0
DA:130,1
DA:131,1
DA:132,1
DA:133,1
DA:134,1
DA:135,1
DA:136,1
DA:137,4
DA:140,29
DA:142,15
DA:143,15
DA:144,15
DA:146,15
DA:147,15
DA:148,15
DA:149,15
DA:150,15
DA:153,15
DA:155,15
DA:156,15
DA:157,15
DA:158,15
DA:159,15
DA:161,15
DA:162,26
DA:163,26
DA:164,10
DA:165,10
DA:166,10
DA:167,10
DA:168,10
DA:169,10
DA:170,10
DA:171,10
DA:172,10
DA:173,10
DA:174,10
DA:175,10
DA:176,10
DA:177,1
DA:178,1
DA:179,1
DA:180,1
DA:181,1
DA:182,1
DA:183,1
DA:184,0
DA:185,0
DA:186,0
DA:187,0
DA:188,0
DA:189,0
DA:190,0
DA:191,2
DA:192,2
DA:193,2
DA:194,2
DA:195,2
DA:196,2
DA:197,2
DA:198,2
DA:199,2
DA:200,2
DA:201,0
DA:202,0
DA:203,0
DA:204,0
DA:207,0
DA:208,0
DA:209,0
DA:212,0
DA:213,0
DA:214,0
DA:215,0
DA:216,0
DA:217,0
DA:218,0
DA:219,0
DA:220,0
DA:221,0
DA:222,0
DA:223,0
DA:224,0
DA:225,0
DA:226,0
DA:227,0
DA:228,0
DA:229,0
DA:230,0
DA:231,0
DA:232,0
DA:233,0
DA:234,0
DA:235,0
DA:236,0
DA:237,0
DA:238,0
DA:239,0
DA:240,0
DA:241,0
DA:242,0
DA:243,0
DA:247,0
DA:248,0
DA:249,0
DA:250,0
DA:251,0
DA:252,0
DA:253,0
DA:254,0
DA:255,0
DA:256,0
DA:257,0
DA:258,0
DA:259,0
DA:260,0
DA:261,0
DA:262,0
DA:263,0
DA:264,0
DA:265,0
DA:266,0
DA:267,0
DA:268,0
DA:269,0
DA:270,0
DA:271,0
DA:272,0
DA:273,0
DA:274,0
DA:275,0
DA:276,0
DA:278,0
DA:279,0
DA:280,0
DA:281,0
DA:282,0
DA:283,0
DA:284,0
DA:286,0
DA:287,0
DA:288,0
DA:289,0
DA:290,0
DA:291,0
DA:292,0
DA:293,0
DA:294,12
DA:295,12
DA:296,12
DA:297,12
DA:298,0
DA:299,0
DA:300,0
DA:301,0
DA:302,0
DA:303,0
DA:304,0
DA:305,0
DA:306,0
DA:307,0
DA:308,0
DA:309,0
DA:310,0
DA:313,15
DA:315,2
DA:316,4
DA:317,4
DA:318,3
DA:319,1
DA:322,4
DA:323,4
DA:324,4
DA:325,4
DA:326,4
DA:327,4
DA:328,4
DA:330,4
DA:331,4
DA:332,4
DA:333,4
DA:334,4
DA:335,0
DA:336,0
DA:337,0
DA:338,0
DA:339,0
DA:340,0
DA:341,0
DA:342,0
DA:343,0
DA:344,0
DA:346,0
DA:348,0
DA:349,0
DA:350,0
DA:352,0
DA:355,0
DA:357,0
DA:358,0
DA:359,0
DA:360,0
DA:362,0
DA:363,0
DA:364,0
DA:365,0
DA:366,0
DA:367,0
DA:368,0
DA:371,4
DA:372,4
DA:374,4
DA:375,4
DA:376,4
DA:378,2
DA:380,29
DA:381,29
DA:382,29
DA:383,29
DA:384,29
DA:385,29
DA:386,29
DA:387,29
DA:388,15
DA:389,15
DA:390,15
DA:391,15
DA:392,15
DA:393,29
DA:394,29
DA:395,29
DA:396,29
DA:398,29
DA:399,29
DA:400,29
DA:401,29
DA:402,29
DA:403,29
DA:404,29
DA:406,29
DA:407,29
DA:408,19
DA:409,0
DA:410,0
DA:411,5
DA:412,0
DA:413,0
DA:415,0
DA:416,0
DA:417,0
DA:418,0
DA:419,0
DA:420,0
DA:421,0
DA:422,0
DA:424,0
DA:426,5
DA:427,5
DA:428,0
DA:429,0
DA:430,0
DA:431,0
DA:432,0
DA:433,4
DA:434,0
DA:435,0
DA:436,0
DA:437,1
DA:438,0
DA:439,0
DA:440,0
DA:441,0
DA:442,0
DA:443,0
DA:444,0
DA:445,0
DA:446,0
DA:447,0
DA:448,0
DA:449,0
DA:451,5
DA:453,5
DA:455,5
DA:458,0
DA:459,0
DA:460,0
DA:462,0
DA:463,0
DA:464,0
DA:465,0
DA:466,0
DA:467,0
DA:468,0
DA:469,0
DA:470,0
DA:471,0
DA:473,0
DA:474,0
DA:476,0
DA:477,0
DA:480,29
DA:482,29
DA:483,29
DA:484,29
DA:485,29
DA:486,29
DA:487,29
DA:490,15
DA:491,15
DA:492,15
DA:493,0
DA:494,0
DA:495,0
DA:496,0
DA:498,15
DA:506,1
DA:507,1
DA:508,1
DA:509,1
DA:510,1
DA:511,1
DA:512,1
DA:513,1
DA:516,1
DA:517,1
DA:518,1
DA:519,1
DA:520,1
DA:521,1
DA:522,1
DA:525,1
DA:526,1
DA:527,1
DA:528,1
DA:529,1
DA:530,1
BRF:0
BRH:0
LF:431
LH:222
end_of_record
SF:/Users/jean-christophe.saad-dupuy2/src/github.com/autonomous-toaster/spin-rs/src/engine/checker.rs
FN:156,_RNvMs2_NtNtCsnavbcFppNd_7spin_rs6engine7checkerNtB5_13BitstateStore10hash_index
FN:148,_RNvMs2_NtNtCsnavbcFppNd_7spin_rs6engine7checkerNtB5_13BitstateStore3new
FN:63,_RNvXNtNtCsnavbcFppNd_7spin_rs6engine7checkerNtB2_13CheckerConfigNtNtCsl8K0bEFm1U0_4core7default7Default7default
FN:211,_RNCNvMs4_NtNtCsnavbcFppNd_7spin_rs6engine7checkerINtB7_13CollapseStoreNtNtBb_7runtime9StateBlobE3new0Bb_
FN:126,_RNCNvXs1_NtNtCsnavbcFppNd_7spin_rs6engine7checkerINtB7_10ExactStoreNtNtBb_7runtime9StateBlobEINtB7_10StateStoreB13_E6insert0Bb_
FN:118,_RNvMs0_NtNtCsnavbcFppNd_7spin_rs6engine7checkerINtB5_10ExactStoreNtNtB9_7runtime9StateBlobE3newB9_
FN:208,_RNvMs4_NtNtCsnavbcFppNd_7spin_rs6engine7checkerINtB5_13CollapseStoreNtNtB9_7runtime9StateBlobE3newB9_
FN:262,_RNvMs6_NtNtCsnavbcFppNd_7spin_rs6engine7checkerINtB5_14CheckerBuilderNtNtB9_7runtime8LuaModelE10max_statesB9_
FN:282,_RNvMs6_NtNtCsnavbcFppNd_7spin_rs6engine7checkerINtB5_14CheckerBuilderNtNtB9_7runtime8LuaModelE11por_enabledB9_
FN:277,_RNvMs6_NtNtCsnavbcFppNd_7spin_rs6engine7checkerINtB5_14CheckerBuilderNtNtB9_7runtime8LuaModelE11search_modeB9_
FN:272,_RNvMs6_NtNtCsnavbcFppNd_7spin_rs6engine7checkerINtB5_14CheckerBuilderNtNtB9_7runtime8LuaModelE12storage_modeB9_
FN:287,_RNvMs6_NtNtCsnavbcFppNd_7spin_rs6engine7checkerINtB5_14CheckerBuilderNtNtB9_7runtime8LuaModelE16check_assertionsB9_
FN:250,_RNvMs6_NtNtCsnavbcFppNd_7spin_rs6engine7checkerINtB5_14CheckerBuilderNtNtB9_7runtime8LuaModelE3newB9_
FN:292,_RNvMs6_NtNtCsnavbcFppNd_7spin_rs6engine7checkerINtB5_14CheckerBuilderNtNtB9_7runtime8LuaModelE5buildB9_
FN:257,_RNvMs6_NtNtCsnavbcFppNd_7spin_rs6engine7checkerINtB5_14CheckerBuilderNtNtB9_7runtime8LuaModelE5modelB9_
FN:267,_RNvMs6_NtNtCsnavbcFppNd_7spin_rs6engine7checkerINtB5_14CheckerBuilderNtNtB9_7runtime8LuaModelE9max_depthB9_
FN:476,_RNvMs8_NtNtCsnavbcFppNd_7spin_rs6engine7checkerINtB5_7CheckerNtNtB9_7runtime8LuaModelE11build_trailB9_
FN:505,_RNvMs8_NtNtCsnavbcFppNd_7spin_rs6engine7checkerINtB5_7CheckerNtNtB9_7runtime8LuaModelE12empty_resultB9_
FN:495,_RNvMs8_NtNtCsnavbcFppNd_7spin_rs6engine7checkerINtB5_7CheckerNtNtB9_7runtime8LuaModelE12make_storageB9_
FN:317,_RNvMs8_NtNtCsnavbcFppNd_7spin_rs6engine7checkerINtB5_7CheckerNtNtB9_7runtime8LuaModelE5checkB9_
FN:401,_RNvMs8_NtNtCsnavbcFppNd_7spin_rs6engine7checkerINtB5_7CheckerNtNtB9_7runtime8LuaModelE9check_bfsB9_
FN:326,_RNvMs8_NtNtCsnavbcFppNd_7spin_rs6engine7checkerINtB5_7CheckerNtNtB9_7runtime8LuaModelE9check_dfsB9_
FN:134,_RNvXs1_NtNtCsnavbcFppNd_7spin_rs6engine7checkerINtB5_10ExactStoreNtNtB9_7runtime9StateBlobEINtB5_10StateStoreB11_E3lenB9_
FN:124,_RNvXs1_NtNtCsnavbcFppNd_7spin_rs6engine7checkerINtB5_10ExactStoreNtNtB9_7runtime9StateBlobEINtB5_10StateStoreB11_E6insertB9_
FN:194,_RNvXs3_NtNtCsnavbcFppNd_7spin_rs6engine7checkerNtB5_13BitstateStoreINtB5_10StateStoreNtNtB9_7runtime9StateBlobE3lenB9_
FN:163,_RNvXs3_NtNtCsnavbcFppNd_7spin_rs6engine7checkerNtB5_13BitstateStoreINtB5_10StateStoreNtNtB9_7runtime9StateBlobE6insertB9_
FN:235,_RNvXs5_NtNtCsnavbcFppNd_7spin_rs6engine7checkerINtB5_13CollapseStoreNtNtB9_7runtime9StateBlobEINtB5_10StateStoreB14_E3lenB9_
FN:219,_RNvXs5_NtNtCsnavbcFppNd_7spin_rs6engine7checkerINtB5_13CollapseStoreNtNtB9_7runtime9StateBlobEINtB5_10StateStoreB14_E6insertB9_
FN:21,_RNvYNtNtCsnavbcFppNd_7spin_rs7runtime8LuaModelNtNtNtB6_6engine7checker5Model15check_violationB6_
FN:21,_RNvYNtNtCs2QpVtfoC3BR_7spin_rs7runtime8LuaModelNtNtNtB6_6engine7checker5Model15check_violationB6_
FN:521,_RNvMs8_NtNtCs2QpVtfoC3BR_7spin_rs6engine7checkerINtB5_7CheckerpE13check_dfs_oldB9_
FN:517,_RNvMs8_NtNtCs2QpVtfoC3BR_7spin_rs6engine7checkerINtB5_7CheckerpE5modelB9_
FN:301,_RNvXININtNtCs2QpVtfoC3BR_7spin_rs6engine7checkers7_0pEINtB5_14CheckerBuilderpENtNtCsl8K0bEFm1U0_4core7default7Default7defaultB9_
FN:112,_RNvXININtNtCs2QpVtfoC3BR_7spin_rs6engine7checkers_0pEINtB5_10ExactStorepENtNtCsl8K0bEFm1U0_4core7default7Default7defaultB9_
FN:565,_RNvNtNtNtCs2QpVtfoC3BR_7spin_rs6engine7checker5testss_14test_bfs_chain
FN:555,_RNvNtNtNtCs2QpVtfoC3BR_7spin_rs6engine7checker5testss_14test_dfs_chain
FN:587,_RNvNtNtNtCs2QpVtfoC3BR_7spin_rs6engine7checker5testss_19test_bitstate_store
FN:597,_RNvNtNtNtCs2QpVtfoC3BR_7spin_rs6engine7checker5testss_20test_max_depth_limit
FN:609,_RNvNtNtNtCs2QpVtfoC3BR_7spin_rs6engine7checker5testss_21test_max_states_limit
FN:651,_RNvNtNtNtCs2QpVtfoC3BR_7spin_rs6engine7checker5testss_24test_violation_detection
FN:661,_RNvNtNtNtCs2QpVtfoC3BR_7spin_rs6engine7checker5testss_25test_violation_with_trail
FN:576,_RNvNtNtNtCs2QpVtfoC3BR_7spin_rs6engine7checker5testss_26test_exact_store_collision
FN:536,_RNvXNtNtNtCs2QpVtfoC3BR_7spin_rs6engine7checker5testsNtB2_10ChainModelNtB4_5Model11init_states
FN:540,_RNvXNtNtNtCs2QpVtfoC3BR_7spin_rs6engine7checker5testsNtB2_10ChainModelNtB4_5Model11transitions
FN:549,_RNvXNtNtNtCs2QpVtfoC3BR_7spin_rs6engine7checker5testsNtB2_10ChainModelNtB4_5Model4hash
FN:625,_RNvXs_NtNtNtCs2QpVtfoC3BR_7spin_rs6engine7checker5testsNtB4_14ViolationModelNtB6_5Model11init_states
FN:629,_RNvXs_NtNtNtCs2QpVtfoC3BR_7spin_rs6engine7checker5testsNtB4_14ViolationModelNtB6_5Model11transitions
FN:641,_RNvXs_NtNtNtCs2QpVtfoC3BR_7spin_rs6engine7checker5testsNtB4_14ViolationModelNtB6_5Model15check_violation
FN:637,_RNvXs_NtNtNtCs2QpVtfoC3BR_7spin_rs6engine7checker5testsNtB4_14ViolationModelNtB6_5Model4hash
FN:156,_RNvMs2_NtNtCs2QpVtfoC3BR_7spin_rs6engine7checkerNtB5_13BitstateStore10hash_index
FN:148,_RNvMs2_NtNtCs2QpVtfoC3BR_7spin_rs6engine7checkerNtB5_13BitstateStore3new
FN:63,_RNvXNtNtCs2QpVtfoC3BR_7spin_rs6engine7checkerNtB2_13CheckerConfigNtNtCsl8K0bEFm1U0_4core7default7Default7default
FN:211,_RNCNvMs4_NtNtCs2QpVtfoC3BR_7spin_rs6engine7checkerINtB7_13CollapseStoreNtNtBb_7runtime9StateBlobE3new0Bb_
FN:211,_RNCNvMs4_NtNtCs2QpVtfoC3BR_7spin_rs6engine7checkerINtB7_13CollapseStorehE3new0Bb_
FN:211,_RNCNvMs4_NtNtCs2QpVtfoC3BR_7spin_rs6engine7checkerINtB7_13CollapseStorelE3new0Bb_
FN:126,_RNCNvXs1_NtNtCs2QpVtfoC3BR_7spin_rs6engine7checkerINtB7_10ExactStoreNtNtBb_7runtime9StateBlobEINtB7_10StateStoreB14_E6insert0Bb_
FN:126,_RNCNvXs1_NtNtCs2QpVtfoC3BR_7spin_rs6engine7checkerINtB7_10ExactStoreNtNtCs1OjIl8oxbrv_5alloc6string6StringEINtB7_10StateStoreB14_E6insert0Bb_
FN:126,_RNCNvXs1_NtNtCs2QpVtfoC3BR_7spin_rs6engine7checkerINtB7_10ExactStorehEINtB7_10StateStorehE6insert0Bb_
FN:126,_RNCNvXs1_NtNtCs2QpVtfoC3BR_7spin_rs6engine7checkerINtB7_10ExactStorelEINtB7_10StateStorelE6insert0Bb_
FN:118,_RNvMs0_NtNtCs2QpVtfoC3BR_7spin_rs6engine7checkerINtB5_10ExactStoreNtNtB9_7runtime9StateBlobE3newB9_
FN:118,_RNvMs0_NtNtCs2QpVtfoC3BR_7spin_rs6engine7checkerINtB5_10ExactStoreNtNtCs1OjIl8oxbrv_5alloc6string6StringE3newB9_
FN:118,_RNvMs0_NtNtCs2QpVtfoC3BR_7spin_rs6engine7checkerINtB5_10ExactStorehE3newB9_
FN:118,_RNvMs0_NtNtCs2QpVtfoC3BR_7spin_rs6engine7checkerINtB5_10ExactStorelE3newB9_
FN:208,_RNvMs4_NtNtCs2QpVtfoC3BR_7spin_rs6engine7checkerINtB5_13CollapseStoreNtNtB9_7runtime9StateBlobE3newB9_
FN:208,_RNvMs4_NtNtCs2QpVtfoC3BR_7spin_rs6engine7checkerINtB5_13CollapseStorehE3newB9_
FN:208,_RNvMs4_NtNtCs2QpVtfoC3BR_7spin_rs6engine7checkerINtB5_13CollapseStorelE3newB9_
FN:262,_RNvMs6_NtNtCs2QpVtfoC3BR_7spin_rs6engine7checkerINtB5_14CheckerBuilderNtNtB5_5tests10ChainModelE10max_statesB9_
FN:277,_RNvMs6_NtNtCs2QpVtfoC3BR_7spin_rs6engine7checkerINtB5_14CheckerBuilderNtNtB5_5tests10ChainModelE11search_modeB9_
FN:250,_RNvMs6_NtNtCs2QpVtfoC3BR_7spin_rs6engine7checkerINtB5_14CheckerBuilderNtNtB5_5tests10ChainModelE3newB9_
FN:292,_RNvMs6_NtNtCs2QpVtfoC3BR_7spin_rs6engine7checkerINtB5_14CheckerBuilderNtNtB5_5tests10ChainModelE5buildB9_
FN:257,_RNvMs6_NtNtCs2QpVtfoC3BR_7spin_rs6engine7checkerINtB5_14CheckerBuilderNtNtB5_5tests10ChainModelE5modelB9_
FN:267,_RNvMs6_NtNtCs2QpVtfoC3BR_7spin_rs6engine7checkerINtB5_14CheckerBuilderNtNtB5_5tests10ChainModelE9max_depthB9_
FN:250,_RNvMs6_NtNtCs2QpVtfoC3BR_7spin_rs6engine7checkerINtB5_14CheckerBuilderNtNtB5_5tests14ViolationModelE3newB9_
FN:292,_RNvMs6_NtNtCs2QpVtfoC3BR_7spin_rs6engine7checkerINtB5_14CheckerBuilderNtNtB5_5tests14ViolationModelE5buildB9_
FN:257,_RNvMs6_NtNtCs2QpVtfoC3BR_7spin_rs6engine7checkerINtB5_14CheckerBuilderNtNtB5_5tests14ViolationModelE5modelB9_
FN:262,_RNvMs6_NtNtCs2QpVtfoC3BR_7spin_rs6engine7checkerINtB5_14CheckerBuilderNtNtB9_7runtime8LuaModelE10max_statesB9_
FN:282,_RNvMs6_NtNtCs2QpVtfoC3BR_7spin_rs6engine7checkerINtB5_14CheckerBuilderNtNtB9_7runtime8LuaModelE11por_enabledB9_
FN:277,_RNvMs6_NtNtCs2QpVtfoC3BR_7spin_rs6engine7checkerINtB5_14CheckerBuilderNtNtB9_7runtime8LuaModelE11search_modeB9_
FN:272,_RNvMs6_NtNtCs2QpVtfoC3BR_7spin_rs6engine7checkerINtB5_14CheckerBuilderNtNtB9_7runtime8LuaModelE12storage_modeB9_
FN:287,_RNvMs6_NtNtCs2QpVtfoC3BR_7spin_rs6engine7checkerINtB5_14CheckerBuilderNtNtB9_7runtime8LuaModelE16check_assertionsB9_
FN:250,_RNvMs6_NtNtCs2QpVtfoC3BR_7spin_rs6engine7checkerINtB5_14CheckerBuilderNtNtB9_7runtime8LuaModelE3newB9_
FN:292,_RNvMs6_NtNtCs2QpVtfoC3BR_7spin_rs6engine7checkerINtB5_14CheckerBuilderNtNtB9_7runtime8LuaModelE5buildB9_
FN:257,_RNvMs6_NtNtCs2QpVtfoC3BR_7spin_rs6engine7checkerINtB5_14CheckerBuilderNtNtB9_7runtime8LuaModelE5modelB9_
FN:267,_RNvMs6_NtNtCs2QpVtfoC3BR_7spin_rs6engine7checkerINtB5_14CheckerBuilderNtNtB9_7runtime8LuaModelE9max_depthB9_
FN:476,_RNvMs8_NtNtCs2QpVtfoC3BR_7spin_rs6engine7checkerINtB5_7CheckerNtNtB5_5tests10ChainModelE11build_trailB9_
FN:505,_RNvMs8_NtNtCs2QpVtfoC3BR_7spin_rs6engine7checkerINtB5_7CheckerNtNtB5_5tests10ChainModelE12empty_resultB9_
FN:495,_RNvMs8_NtNtCs2QpVtfoC3BR_7spin_rs6engine7checkerINtB5_7CheckerNtNtB5_5tests10ChainModelE12make_storageB9_
FN:401,_RNvMs8_NtNtCs2QpVtfoC3BR_7spin_rs6engine7checkerINtB5_7CheckerNtNtB5_5tests10ChainModelE9check_bfsB9_
FN:326,_RNvMs8_NtNtCs2QpVtfoC3BR_7spin_rs6engine7checkerINtB5_7CheckerNtNtB5_5tests10ChainModelE9check_dfsB9_
FN:476,_RNvMs8_NtNtCs2QpVtfoC3BR_7spin_rs6engine7checkerINtB5_7CheckerNtNtB5_5tests14ViolationModelE11build_trailB9_
FN:505,_RNvMs8_NtNtCs2QpVtfoC3BR_7spin_rs6engine7checkerINtB5_7CheckerNtNtB5_5tests14ViolationModelE12empty_resultB9_
FN:495,_RNvMs8_NtNtCs2QpVtfoC3BR_7spin_rs6engine7checkerINtB5_7CheckerNtNtB5_5tests14ViolationModelE12make_storageB9_
FN:326,_RNvMs8_NtNtCs2QpVtfoC3BR_7spin_rs6engine7checkerINtB5_7CheckerNtNtB5_5tests14ViolationModelE9check_dfsB9_
FN:476,_RNvMs8_NtNtCs2QpVtfoC3BR_7spin_rs6engine7checkerINtB5_7CheckerNtNtB9_7runtime8LuaModelE11build_trailB9_
FN:505,_RNvMs8_NtNtCs2QpVtfoC3BR_7spin_rs6engine7checkerINtB5_7CheckerNtNtB9_7runtime8LuaModelE12empty_resultB9_
FN:495,_RNvMs8_NtNtCs2QpVtfoC3BR_7spin_rs6engine7checkerINtB5_7CheckerNtNtB9_7runtime8LuaModelE12make_storageB9_
FN:317,_RNvMs8_NtNtCs2QpVtfoC3BR_7spin_rs6engine7checkerINtB5_7CheckerNtNtB9_7runtime8LuaModelE5checkB9_
FN:401,_RNvMs8_NtNtCs2QpVtfoC3BR_7spin_rs6engine7checkerINtB5_7CheckerNtNtB9_7runtime8LuaModelE9check_bfsB9_
FN:326,_RNvMs8_NtNtCs2QpVtfoC3BR_7spin_rs6engine7checkerINtB5_7CheckerNtNtB9_7runtime8LuaModelE9check_dfsB9_
FN:134,_RNvXs1_NtNtCs2QpVtfoC3BR_7spin_rs6engine7checkerINtB5_10ExactStoreNtNtB9_7runtime9StateBlobEINtB5_10StateStoreB12_E3lenB9_
FN:124,_RNvXs1_NtNtCs2QpVtfoC3BR_7spin_rs6engine7checkerINtB5_10ExactStoreNtNtB9_7runtime9StateBlobEINtB5_10StateStoreB12_E6insertB9_
FN:134,_RNvXs1_NtNtCs2QpVtfoC3BR_7spin_rs6engine7checkerINtB5_10ExactStoreNtNtCs1OjIl8oxbrv_5alloc6string6StringEINtB5_10StateStoreB12_E3lenB9_
FN:124,_RNvXs1_NtNtCs2QpVtfoC3BR_7spin_rs6engine7checkerINtB5_10ExactStoreNtNtCs1OjIl8oxbrv_5alloc6string6StringEINtB5_10StateStoreB12_E6insertB9_
FN:134,_RNvXs1_NtNtCs2QpVtfoC3BR_7spin_rs6engine7checkerINtB5_10ExactStorehEINtB5_10StateStorehE3lenB9_
FN:124,_RNvXs1_NtNtCs2QpVtfoC3BR_7spin_rs6engine7checkerINtB5_10ExactStorehEINtB5_10StateStorehE6insertB9_
FN:134,_RNvXs1_NtNtCs2QpVtfoC3BR_7spin_rs6engine7checkerINtB5_10ExactStorelEINtB5_10StateStorelE3lenB9_
FN:124,_RNvXs1_NtNtCs2QpVtfoC3BR_7spin_rs6engine7checkerINtB5_10ExactStorelEINtB5_10StateStorelE6insertB9_
FN:194,_RNvXs3_NtNtCs2QpVtfoC3BR_7spin_rs6engine7checkerNtB5_13BitstateStoreINtB5_10StateStoreNtNtB9_7runtime9StateBlobE3lenB9_
FN:163,_RNvXs3_NtNtCs2QpVtfoC3BR_7spin_rs6engine7checkerNtB5_13BitstateStoreINtB5_10StateStoreNtNtB9_7runtime9StateBlobE6insertB9_
FN:163,_RNvXs3_NtNtCs2QpVtfoC3BR_7spin_rs6engine7checkerNtB5_13BitstateStoreINtB5_10StateStoreNtNtCs1OjIl8oxbrv_5alloc6string6StringE6insertB9_
FN:194,_RNvXs3_NtNtCs2QpVtfoC3BR_7spin_rs6engine7checkerNtB5_13BitstateStoreINtB5_10StateStorehE3lenB9_
FN:163,_RNvXs3_NtNtCs2QpVtfoC3BR_7spin_rs6engine7checkerNtB5_13BitstateStoreINtB5_10StateStorehE6insertB9_
FN:194,_RNvXs3_NtNtCs2QpVtfoC3BR_7spin_rs6engine7checkerNtB5_13BitstateStoreINtB5_10StateStorelE3lenB9_
FN:163,_RNvXs3_NtNtCs2QpVtfoC3BR_7spin_rs6engine7checkerNtB5_13BitstateStoreINtB5_10StateStorelE6insertB9_
FN:235,_RNvXs5_NtNtCs2QpVtfoC3BR_7spin_rs6engine7checkerINtB5_13CollapseStoreNtNtB9_7runtime9StateBlobEINtB5_10StateStoreB15_E3lenB9_
FN:219,_RNvXs5_NtNtCs2QpVtfoC3BR_7spin_rs6engine7checkerINtB5_13CollapseStoreNtNtB9_7runtime9StateBlobEINtB5_10StateStoreB15_E6insertB9_
FN:235,_RNvXs5_NtNtCs2QpVtfoC3BR_7spin_rs6engine7checkerINtB5_13CollapseStorehEINtB5_10StateStorehE3lenB9_
FN:219,_RNvXs5_NtNtCs2QpVtfoC3BR_7spin_rs6engine7checkerINtB5_13CollapseStorehEINtB5_10StateStorehE6insertB9_
FN:235,_RNvXs5_NtNtCs2QpVtfoC3BR_7spin_rs6engine7checkerINtB5_13CollapseStorelEINtB5_10StateStorelE3lenB9_
FN:219,_RNvXs5_NtNtCs2QpVtfoC3BR_7spin_rs6engine7checkerINtB5_13CollapseStorelEINtB5_10StateStorelE6insertB9_
FN:21,_RNvYNtNtNtNtCs2QpVtfoC3BR_7spin_rs6engine7checker5tests10ChainModelNtB6_5Model15check_violationBa_
FNDA:6,_RNvMs2_NtNtCsnavbcFppNd_7spin_rs6engine7checkerNtB5_13BitstateStore10hash_index
FNDA:1,_RNvMs2_NtNtCsnavbcFppNd_7spin_rs6engine7checkerNtB5_13BitstateStore3new
FNDA:17,_RNvXNtNtCsnavbcFppNd_7spin_rs6engine7checkerNtB2_13CheckerConfigNtNtCsl8K0bEFm1U0_4core7default7Default7default
FNDA:0,_RNCNvMs4_NtNtCsnavbcFppNd_7spin_rs6engine7checkerINtB7_13CollapseStoreNtNtBb_7runtime9StateBlobE3new0Bb_
FNDA:4,_RNCNvXs1_NtNtCsnavbcFppNd_7spin_rs6engine7checkerINtB7_10ExactStoreNtNtBb_7runtime9StateBlobEINtB7_10StateStoreB13_E6insert0Bb_
FNDA:16,_RNvMs0_NtNtCsnavbcFppNd_7spin_rs6engine7checkerINtB5_10ExactStoreNtNtB9_7runtime9StateBlobE3newB9_
FNDA:0,_RNvMs4_NtNtCsnavbcFppNd_7spin_rs6engine7checkerINtB5_13CollapseStoreNtNtB9_7runtime9StateBlobE3newB9_
FNDA:1,_RNvMs6_NtNtCsnavbcFppNd_7spin_rs6engine7checkerINtB5_14CheckerBuilderNtNtB9_7runtime8LuaModelE10max_statesB9_
FNDA:2,_RNvMs6_NtNtCsnavbcFppNd_7spin_rs6engine7checkerINtB5_14CheckerBuilderNtNtB9_7runtime8LuaModelE11por_enabledB9_
FNDA:2,_RNvMs6_NtNtCsnavbcFppNd_7spin_rs6engine7checkerINtB5_14CheckerBuilderNtNtB9_7runtime8LuaModelE11search_modeB9_
FNDA:2,_RNvMs6_NtNtCsnavbcFppNd_7spin_rs6engine7checkerINtB5_14CheckerBuilderNtNtB9_7runtime8LuaModelE12storage_modeB9_
FNDA:0,_RNvMs6_NtNtCsnavbcFppNd_7spin_rs6engine7checkerINtB5_14CheckerBuilderNtNtB9_7runtime8LuaModelE16check_assertionsB9_
FNDA:17,_RNvMs6_NtNtCsnavbcFppNd_7spin_rs6engine7checkerINtB5_14CheckerBuilderNtNtB9_7runtime8LuaModelE3newB9_
FNDA:17,_RNvMs6_NtNtCsnavbcFppNd_7spin_rs6engine7checkerINtB5_14CheckerBuilderNtNtB9_7runtime8LuaModelE5buildB9_
FNDA:17,_RNvMs6_NtNtCsnavbcFppNd_7spin_rs6engine7checkerINtB5_14CheckerBuilderNtNtB9_7runtime8LuaModelE5modelB9_
FNDA:1,_RNvMs6_NtNtCsnavbcFppNd_7spin_rs6engine7checkerINtB5_14CheckerBuilderNtNtB9_7runtime8LuaModelE9max_depthB9_
FNDA:0,_RNvMs8_NtNtCsnavbcFppNd_7spin_rs6engine7checkerINtB5_7CheckerNtNtB9_7runtime8LuaModelE11build_trailB9_
FNDA:0,_RNvMs8_NtNtCsnavbcFppNd_7spin_rs6engine7checkerINtB5_7CheckerNtNtB9_7runtime8LuaModelE12empty_resultB9_
FNDA:17,_RNvMs8_NtNtCsnavbcFppNd_7spin_rs6engine7checkerINtB5_7CheckerNtNtB9_7runtime8LuaModelE12make_storageB9_
FNDA:17,_RNvMs8_NtNtCsnavbcFppNd_7spin_rs6engine7checkerINtB5_7CheckerNtNtB9_7runtime8LuaModelE5checkB9_
FNDA:1,_RNvMs8_NtNtCsnavbcFppNd_7spin_rs6engine7checkerINtB5_7CheckerNtNtB9_7runtime8LuaModelE9check_bfsB9_
FNDA:16,_RNvMs8_NtNtCsnavbcFppNd_7spin_rs6engine7checkerINtB5_7CheckerNtNtB9_7runtime8LuaModelE9check_dfsB9_
FNDA:51,_RNvXs1_NtNtCsnavbcFppNd_7spin_rs6engine7checkerINtB5_10ExactStoreNtNtB9_7runtime9StateBlobEINtB5_10StateStoreB11_E3lenB9_
FNDA:23,_RNvXs1_NtNtCsnavbcFppNd_7spin_rs6engine7checkerINtB5_10ExactStoreNtNtB9_7runtime9StateBlobEINtB5_10StateStoreB11_E6insertB9_
FNDA:4,_RNvXs3_NtNtCsnavbcFppNd_7spin_rs6engine7checkerNtB5_13BitstateStoreINtB5_10StateStoreNtNtB9_7runtime9StateBlobE3lenB9_
FNDA:3,_RNvXs3_NtNtCsnavbcFppNd_7spin_rs6engine7checkerNtB5_13BitstateStoreINtB5_10StateStoreNtNtB9_7runtime9StateBlobE6insertB9_
FNDA:0,_RNvXs5_NtNtCsnavbcFppNd_7spin_rs6engine7checkerINtB5_13CollapseStoreNtNtB9_7runtime9StateBlobEINtB5_10StateStoreB14_E3lenB9_
FNDA:0,_RNvXs5_NtNtCsnavbcFppNd_7spin_rs6engine7checkerINtB5_13CollapseStoreNtNtB9_7runtime9StateBlobEINtB5_10StateStoreB14_E6insertB9_
FNDA:21,_RNvYNtNtCsnavbcFppNd_7spin_rs7runtime8LuaModelNtNtNtB6_6engine7checker5Model15check_violationB6_
FNDA:8,_RNvYNtNtCs2QpVtfoC3BR_7spin_rs7runtime8LuaModelNtNtNtB6_6engine7checker5Model15check_violationB6_
FNDA:0,_RNvMs8_NtNtCs2QpVtfoC3BR_7spin_rs6engine7checkerINtB5_7CheckerpE13check_dfs_oldB9_
FNDA:0,_RNvMs8_NtNtCs2QpVtfoC3BR_7spin_rs6engine7checkerINtB5_7CheckerpE5modelB9_
FNDA:0,_RNvXININtNtCs2QpVtfoC3BR_7spin_rs6engine7checkers7_0pEINtB5_14CheckerBuilderpENtNtCsl8K0bEFm1U0_4core7default7Default7defaultB9_
FNDA:0,_RNvXININtNtCs2QpVtfoC3BR_7spin_rs6engine7checkers_0pEINtB5_10ExactStorepENtNtCsl8K0bEFm1U0_4core7default7Default7defaultB9_
FNDA:1,_RNvNtNtNtCs2QpVtfoC3BR_7spin_rs6engine7checker5testss_14test_bfs_chain
FNDA:1,_RNvNtNtNtCs2QpVtfoC3BR_7spin_rs6engine7checker5testss_14test_dfs_chain
FNDA:1,_RNvNtNtNtCs2QpVtfoC3BR_7spin_rs6engine7checker5testss_19test_bitstate_store
FNDA:1,_RNvNtNtNtCs2QpVtfoC3BR_7spin_rs6engine7checker5testss_20test_max_depth_limit
FNDA:1,_RNvNtNtNtCs2QpVtfoC3BR_7spin_rs6engine7checker5testss_21test_max_states_limit
FNDA:1,_RNvNtNtNtCs2QpVtfoC3BR_7spin_rs6engine7checker5testss_24test_violation_detection
FNDA:1,_RNvNtNtNtCs2QpVtfoC3BR_7spin_rs6engine7checker5testss_25test_violation_with_trail
FNDA:1,_RNvNtNtNtCs2QpVtfoC3BR_7spin_rs6engine7checker5testss_26test_exact_store_collision
FNDA:4,_RNvXNtNtNtCs2QpVtfoC3BR_7spin_rs6engine7checker5testsNtB2_10ChainModelNtB4_5Model11init_states
FNDA:8,_RNvXNtNtNtCs2QpVtfoC3BR_7spin_rs6engine7checker5testsNtB2_10ChainModelNtB4_5Model11transitions
FNDA:12,_RNvXNtNtNtCs2QpVtfoC3BR_7spin_rs6engine7checker5testsNtB2_10ChainModelNtB4_5Model4hash
FNDA:2,_RNvXs_NtNtNtCs2QpVtfoC3BR_7spin_rs6engine7checker5testsNtB4_14ViolationModelNtB6_5Model11init_states
FNDA:4,_RNvXs_NtNtNtCs2QpVtfoC3BR_7spin_rs6engine7checker5testsNtB4_14ViolationModelNtB6_5Model11transitions
FNDA:6,_RNvXs_NtNtNtCs2QpVtfoC3BR_7spin_rs6engine7checker5testsNtB4_14ViolationModelNtB6_5Model15check_violation
FNDA:6,_RNvXs_NtNtNtCs2QpVtfoC3BR_7spin_rs6engine7checker5testsNtB4_14ViolationModelNtB6_5Model4hash
FNDA:6,_RNvMs2_NtNtCs2QpVtfoC3BR_7spin_rs6engine7checkerNtB5_13BitstateStore10hash_index
FNDA:1,_RNvMs2_NtNtCs2QpVtfoC3BR_7spin_rs6engine7checkerNtB5_13BitstateStore3new
FNDA:10,_RNvXNtNtCs2QpVtfoC3BR_7spin_rs6engine7checkerNtB2_13CheckerConfigNtNtCsl8K0bEFm1U0_4core7default7Default7default
FNDA:0,_RNCNvMs4_NtNtCs2QpVtfoC3BR_7spin_rs6engine7checkerINtB7_13CollapseStoreNtNtBb_7runtime9StateBlobE3new0Bb_
FNDA:0,_RNCNvMs4_NtNtCs2QpVtfoC3BR_7spin_rs6engine7checkerINtB7_13CollapseStorehE3new0Bb_
FNDA:0,_RNCNvMs4_NtNtCs2QpVtfoC3BR_7spin_rs6engine7checkerINtB7_13CollapseStorelE3new0Bb_
FNDA:5,_RNCNvXs1_NtNtCs2QpVtfoC3BR_7spin_rs6engine7checkerINtB7_10ExactStoreNtNtBb_7runtime9StateBlobEINtB7_10StateStoreB14_E6insert0Bb_
FNDA:4,_RNCNvXs1_NtNtCs2QpVtfoC3BR_7spin_rs6engine7checkerINtB7_10ExactStoreNtNtCs1OjIl8oxbrv_5alloc6string6StringEINtB7_10StateStoreB14_E6insert0Bb_
FNDA:2,_RNCNvXs1_NtNtCs2QpVtfoC3BR_7spin_rs6engine7checkerINtB7_10ExactStorehEINtB7_10StateStorehE6insert0Bb_
FNDA:0,_RNCNvXs1_NtNtCs2QpVtfoC3BR_7spin_rs6engine7checkerINtB7_10ExactStorelEINtB7_10StateStorelE6insert0Bb_
FNDA:4,_RNvMs0_NtNtCs2QpVtfoC3BR_7spin_rs6engine7checkerINtB5_10ExactStoreNtNtB9_7runtime9StateBlobE3newB9_
FNDA:1,_RNvMs0_NtNtCs2QpVtfoC3BR_7spin_rs6engine7checkerINtB5_10ExactStoreNtNtCs1OjIl8oxbrv_5alloc6string6StringE3newB9_
FNDA:4,_RNvMs0_NtNtCs2QpVtfoC3BR_7spin_rs6engine7checkerINtB5_10ExactStorehE3newB9_
FNDA:2,_RNvMs0_NtNtCs2QpVtfoC3BR_7spin_rs6engine7checkerINtB5_10ExactStorelE3newB9_
FNDA:0,_RNvMs4_NtNtCs2QpVtfoC3BR_7spin_rs6engine7checkerINtB5_13CollapseStoreNtNtB9_7runtime9StateBlobE3newB9_
FNDA:0,_RNvMs4_NtNtCs2QpVtfoC3BR_7spin_rs6engine7checkerINtB5_13CollapseStorehE3newB9_
FNDA:0,_RNvMs4_NtNtCs2QpVtfoC3BR_7spin_rs6engine7checkerINtB5_13CollapseStorelE3newB9_
FNDA:1,_RNvMs6_NtNtCs2QpVtfoC3BR_7spin_rs6engine7checkerINtB5_14CheckerBuilderNtNtB5_5tests10ChainModelE10max_statesB9_
FNDA:1,_RNvMs6_NtNtCs2QpVtfoC3BR_7spin_rs6engine7checkerINtB5_14CheckerBuilderNtNtB5_5tests10ChainModelE11search_modeB9_
FNDA:4,_RNvMs6_NtNtCs2QpVtfoC3BR_7spin_rs6engine7checkerINtB5_14CheckerBuilderNtNtB5_5tests10ChainModelE3newB9_
FNDA:4,_RNvMs6_NtNtCs2QpVtfoC3BR_7spin_rs6engine7checkerINtB5_14CheckerBuilderNtNtB5_5tests10ChainModelE5buildB9_
FNDA:4,_RNvMs6_NtNtCs2QpVtfoC3BR_7spin_rs6engine7checkerINtB5_14CheckerBuilderNtNtB5_5tests10ChainModelE5modelB9_
FNDA:1,_RNvMs6_NtNtCs2QpVtfoC3BR_7spin_rs6engine7checkerINtB5_14CheckerBuilderNtNtB5_5tests10ChainModelE9max_depthB9_
FNDA:2,_RNvMs6_NtNtCs2QpVtfoC3BR_7spin_rs6engine7checkerINtB5_14CheckerBuilderNtNtB5_5tests14ViolationModelE3newB9_
FNDA:2,_RNvMs6_NtNtCs2QpVtfoC3BR_7spin_rs6engine7checkerINtB5_14CheckerBuilderNtNtB5_5tests14ViolationModelE5buildB9_
FNDA:2,_RNvMs6_NtNtCs2QpVtfoC3BR_7spin_rs6engine7checkerINtB5_14CheckerBuilderNtNtB5_5tests14ViolationModelE5modelB9_
FNDA:1,_RNvMs6_NtNtCs2QpVtfoC3BR_7spin_rs6engine7checkerINtB5_14CheckerBuilderNtNtB9_7runtime8LuaModelE10max_statesB9_
FNDA:1,_RNvMs6_NtNtCs2QpVtfoC3BR_7spin_rs6engine7checkerINtB5_14CheckerBuilderNtNtB9_7runtime8LuaModelE11por_enabledB9_
FNDA:1,_RNvMs6_NtNtCs2QpVtfoC3BR_7spin_rs6engine7checkerINtB5_14CheckerBuilderNtNtB9_7runtime8LuaModelE11search_modeB9_
FNDA:1,_RNvMs6_NtNtCs2QpVtfoC3BR_7spin_rs6engine7checkerINtB5_14CheckerBuilderNtNtB9_7runtime8LuaModelE12storage_modeB9_
FNDA:1,_RNvMs6_NtNtCs2QpVtfoC3BR_7spin_rs6engine7checkerINtB5_14CheckerBuilderNtNtB9_7runtime8LuaModelE16check_assertionsB9_
FNDA:4,_RNvMs6_NtNtCs2QpVtfoC3BR_7spin_rs6engine7checkerINtB5_14CheckerBuilderNtNtB9_7runtime8LuaModelE3newB9_
FNDA:4,_RNvMs6_NtNtCs2QpVtfoC3BR_7spin_rs6engine7checkerINtB5_14CheckerBuilderNtNtB9_7runtime8LuaModelE5buildB9_
FNDA:4,_RNvMs6_NtNtCs2QpVtfoC3BR_7spin_rs6engine7checkerINtB5_14CheckerBuilderNtNtB9_7runtime8LuaModelE5modelB9_
FNDA:1,_RNvMs6_NtNtCs2QpVtfoC3BR_7spin_rs6engine7checkerINtB5_14CheckerBuilderNtNtB9_7runtime8LuaModelE9max_depthB9_
FNDA:0,_RNvMs8_NtNtCs2QpVtfoC3BR_7spin_rs6engine7checkerINtB5_7CheckerNtNtB5_5tests10ChainModelE11build_trailB9_
FNDA:0,_RNvMs8_NtNtCs2QpVtfoC3BR_7spin_rs6engine7checkerINtB5_7CheckerNtNtB5_5tests10ChainModelE12empty_resultB9_
FNDA:4,_RNvMs8_NtNtCs2QpVtfoC3BR_7spin_rs6engine7checkerINtB5_7CheckerNtNtB5_5tests10ChainModelE12make_storageB9_
FNDA:1,_RNvMs8_NtNtCs2QpVtfoC3BR_7spin_rs6engine7checkerINtB5_7CheckerNtNtB5_5tests10ChainModelE9check_bfsB9_
FNDA:3,_RNvMs8_NtNtCs2QpVtfoC3BR_7spin_rs6engine7checkerINtB5_7CheckerNtNtB5_5tests10ChainModelE9check_dfsB9_
FNDA:2,_RNvMs8_NtNtCs2QpVtfoC3BR_7spin_rs6engine7checkerINtB5_7CheckerNtNtB5_5tests14ViolationModelE11build_trailB9_
FNDA:0,_RNvMs8_NtNtCs2QpVtfoC3BR_7spin_rs6engine7checkerINtB5_7CheckerNtNtB5_5tests14ViolationModelE12empty_resultB9_
FNDA:2,_RNvMs8_NtNtCs2QpVtfoC3BR_7spin_rs6engine7checkerINtB5_7CheckerNtNtB5_5tests14ViolationModelE12make_storageB9_
FNDA:2,_RNvMs8_NtNtCs2QpVtfoC3BR_7spin_rs6engine7checkerINtB5_7CheckerNtNtB5_5tests14ViolationModelE9check_dfsB9_
FNDA:0,_RNvMs8_NtNtCs2QpVtfoC3BR_7spin_rs6engine7checkerINtB5_7CheckerNtNtB9_7runtime8LuaModelE11build_trailB9_
FNDA:0,_RNvMs8_NtNtCs2QpVtfoC3BR_7spin_rs6engine7checkerINtB5_7CheckerNtNtB9_7runtime8LuaModelE12empty_resultB9_
FNDA:4,_RNvMs8_NtNtCs2QpVtfoC3BR_7spin_rs6engine7checkerINtB5_7CheckerNtNtB9_7runtime8LuaModelE12make_storageB9_
FNDA:3,_RNvMs8_NtNtCs2QpVtfoC3BR_7spin_rs6engine7checkerINtB5_7CheckerNtNtB9_7runtime8LuaModelE5checkB9_
FNDA:0,_RNvMs8_NtNtCs2QpVtfoC3BR_7spin_rs6engine7checkerINtB5_7CheckerNtNtB9_7runtime8LuaModelE9check_bfsB9_
FNDA:4,_RNvMs8_NtNtCs2QpVtfoC3BR_7spin_rs6engine7checkerINtB5_7CheckerNtNtB9_7runtime8LuaModelE9check_dfsB9_
FNDA:16,_RNvXs1_NtNtCs2QpVtfoC3BR_7spin_rs6engine7checkerINtB5_10ExactStoreNtNtB9_7runtime9StateBlobEINtB5_10StateStoreB12_E3lenB9_
FNDA:13,_RNvXs1_NtNtCs2QpVtfoC3BR_7spin_rs6engine7checkerINtB5_10ExactStoreNtNtB9_7runtime9StateBlobEINtB5_10StateStoreB12_E6insertB9_
FNDA:1,_RNvXs1_NtNtCs2QpVtfoC3BR_7spin_rs6engine7checkerINtB5_10ExactStoreNtNtCs1OjIl8oxbrv_5alloc6string6StringEINtB5_10StateStoreB12_E3lenB9_
FNDA:4,_RNvXs1_NtNtCs2QpVtfoC3BR_7spin_rs6engine7checkerINtB5_10ExactStoreNtNtCs1OjIl8oxbrv_5alloc6string6StringEINtB5_10StateStoreB12_E6insertB9_
FNDA:17,_RNvXs1_NtNtCs2QpVtfoC3BR_7spin_rs6engine7checkerINtB5_10ExactStorehEINtB5_10StateStorehE3lenB9_
FNDA:12,_RNvXs1_NtNtCs2QpVtfoC3BR_7spin_rs6engine7checkerINtB5_10ExactStorehEINtB5_10StateStorehE6insertB9_
FNDA:10,_RNvXs1_NtNtCs2QpVtfoC3BR_7spin_rs6engine7checkerINtB5_10ExactStorelEINtB5_10StateStorelE3lenB9_
FNDA:6,_RNvXs1_NtNtCs2QpVtfoC3BR_7spin_rs6engine7checkerINtB5_10ExactStorelEINtB5_10StateStorelE6insertB9_
FNDA:0,_RNvXs3_NtNtCs2QpVtfoC3BR_7spin_rs6engine7checkerNtB5_13BitstateStoreINtB5_10StateStoreNtNtB9_7runtime9StateBlobE3lenB9_
FNDA:0,_RNvXs3_NtNtCs2QpVtfoC3BR_7spin_rs6engine7checkerNtB5_13BitstateStoreINtB5_10StateStoreNtNtB9_7runtime9StateBlobE6insertB9_
FNDA:3,_RNvXs3_NtNtCs2QpVtfoC3BR_7spin_rs6engine7checkerNtB5_13BitstateStoreINtB5_10StateStoreNtNtCs1OjIl8oxbrv_5alloc6string6StringE6insertB9_
FNDA:0,_RNvXs3_NtNtCs2QpVtfoC3BR_7spin_rs6engine7checkerNtB5_13BitstateStoreINtB5_10StateStorehE3lenB9_
FNDA:0,_RNvXs3_NtNtCs2QpVtfoC3BR_7spin_rs6engine7checkerNtB5_13BitstateStoreINtB5_10StateStorehE6insertB9_
FNDA:0,_RNvXs3_NtNtCs2QpVtfoC3BR_7spin_rs6engine7checkerNtB5_13BitstateStoreINtB5_10StateStorelE3lenB9_
FNDA:0,_RNvXs3_NtNtCs2QpVtfoC3BR_7spin_rs6engine7checkerNtB5_13BitstateStoreINtB5_10StateStorelE6insertB9_
FNDA:0,_RNvXs5_NtNtCs2QpVtfoC3BR_7spin_rs6engine7checkerINtB5_13CollapseStoreNtNtB9_7runtime9StateBlobEINtB5_10StateStoreB15_E3lenB9_
FNDA:0,_RNvXs5_NtNtCs2QpVtfoC3BR_7spin_rs6engine7checkerINtB5_13CollapseStoreNtNtB9_7runtime9StateBlobEINtB5_10StateStoreB15_E6insertB9_
FNDA:0,_RNvXs5_NtNtCs2QpVtfoC3BR_7spin_rs6engine7checkerINtB5_13CollapseStorehEINtB5_10StateStorehE3lenB9_
FNDA:0,_RNvXs5_NtNtCs2QpVtfoC3BR_7spin_rs6engine7checkerINtB5_13CollapseStorehEINtB5_10StateStorehE6insertB9_
FNDA:0,_RNvXs5_NtNtCs2QpVtfoC3BR_7spin_rs6engine7checkerINtB5_13CollapseStorelEINtB5_10StateStorelE3lenB9_
FNDA:0,_RNvXs5_NtNtCs2QpVtfoC3BR_7spin_rs6engine7checkerINtB5_13CollapseStorelEINtB5_10StateStorelE6insertB9_
FNDA:8,_RNvYNtNtNtNtCs2QpVtfoC3BR_7spin_rs6engine7checker5tests10ChainModelNtB6_5Model15check_violationBa_
FNF:48
FNH:39
DA:21,37
DA:22,37
DA:23,37
DA:63,27
DA:64,27
DA:65,27
DA:66,27
DA:67,27
DA:68,27
DA:69,27
DA:70,27
DA:71,27
DA:72,27
DA:112,0
DA:113,0
DA:114,0
DA:118,27
DA:119,27
DA:120,27
DA:124,58
DA:125,58
DA:126,58
DA:127,13
DA:128,45
DA:129,45
DA:130,45
DA:131,45
DA:132,58
DA:134,95
DA:135,95
DA:136,95
DA:148,2
DA:149,2
DA:150,2
DA:151,2
DA:152,2
DA:153,2
DA:154,2
DA:156,12
DA:157,12
DA:158,12
DA:159,12
DA:163,6
DA:165,6
DA:166,6
DA:168,6
DA:169,6
DA:170,6
DA:171,6
DA:172,6
DA:173,6
DA:174,2
DA:177,6
DA:178,2
DA:179,4
DA:182,4
DA:183,4
DA:184,4
DA:185,4
DA:186,4
DA:187,4
DA:188,4
DA:189,4
DA:190,4
DA:191,4
DA:192,6
DA:194,4
DA:195,4
DA:196,4
DA:208,0
DA:210,0
DA:211,0
DA:213,0
DA:215,0
DA:219,0
DA:223,0
DA:225,0
DA:226,0
DA:227,0
DA:228,0
DA:229,0
DA:231,0
DA:233,0
DA:235,0
DA:236,0
DA:237,0
DA:250,27
DA:251,27
DA:252,27
DA:253,27
DA:254,27
DA:255,27
DA:257,27
DA:258,27
DA:259,27
DA:260,27
DA:262,3
DA:263,3
DA:264,3
DA:265,3
DA:267,3
DA:268,3
DA:269,3
DA:270,3
DA:272,3
DA:273,3
DA:274,3
DA:275,3
DA:277,4
DA:278,4
DA:279,4
DA:280,4
DA:282,3
DA:283,3
DA:284,3
DA:285,3
DA:287,1
DA:288,1
DA:289,1
DA:290,1
DA:292,27
DA:293,27
DA:294,27
DA:295,27
DA:296,27
DA:297,27
DA:301,0
DA:302,0
DA:303,0
DA:317,20
DA:318,20
DA:319,19
DA:320,1
DA:322,20
DA:326,25
DA:327,25
DA:328,25
DA:330,25
DA:331,0
DA:332,25
DA:334,25
DA:335,25
DA:336,25
DA:337,25
DA:338,25
DA:340,25
DA:341,25
DA:342,25
DA:343,25
DA:344,25
DA:345,25
DA:346,25
DA:349,65
DA:350,41
DA:351,1
DA:352,40
DA:353,40
DA:354,1
DA:355,39
DA:358,39
DA:359,39
DA:360,2
DA:361,2
DA:362,2
DA:363,2
DA:364,2
DA:365,2
DA:366,2
DA:367,0
DA:368,2
DA:369,2
DA:370,37
DA:372,37
DA:373,37
DA:375,37
DA:376,27
DA:377,27
DA:378,16
DA:379,16
DA:380,16
DA:381,16
DA:385,25
DA:388,25
DA:389,25
DA:390,25
DA:391,25
DA:392,25
DA:394,25
DA:395,25
DA:396,25
DA:398,25
DA:401,2
DA:402,2
DA:403,2
DA:405,2
DA:406,0
DA:407,2
DA:409,2
DA:410,2
DA:411,2
DA:412,2
DA:413,2
DA:414,2
DA:416,2
DA:417,2
DA:418,2
DA:419,2
DA:420,2
DA:421,2
DA:422,2
DA:425,6
DA:426,4
DA:428,4
DA:429,0
DA:430,4
DA:431,4
DA:432,0
DA:433,4
DA:435,4
DA:436,4
DA:437,0
DA:438,0
DA:439,0
DA:440,0
DA:441,0
DA:442,0
DA:443,0
DA:444,0
DA:445,0
DA:446,0
DA:447,4
DA:449,4
DA:450,4
DA:452,4
DA:453,3
DA:454,3
DA:455,2
DA:456,2
DA:457,2
DA:458,2
DA:462,2
DA:464,2
DA:465,2
DA:466,2
DA:467,2
DA:468,2
DA:469,2
DA:470,2
DA:471,2
DA:472,2
DA:473,2
DA:476,2
DA:477,2
DA:478,2
DA:479,200002
DA:480,200002
DA:481,200002
DA:482,200002
DA:483,200002
DA:484,200002
DA:486,200002
DA:487,2
DA:488,200000
DA:491,2
DA:492,2
DA:493,2
DA:495,27
DA:496,27
DA:497,26
DA:498,1
DA:499,1
DA:500,1
DA:501,0
DA:503,27
DA:505,0
DA:506,0
DA:507,0
DA:508,0
DA:509,0
DA:510,0
DA:511,0
DA:512,0
DA:513,0
DA:514,0
DA:515,0
DA:517,0
DA:518,0
DA:519,0
DA:521,0
DA:522,0
DA:523,0
DA:536,4
DA:537,4
DA:538,4
DA:540,8
DA:541,8
DA:542,4
DA:543,2
DA:544,2
DA:545,0
DA:547,8
DA:549,12
DA:550,12
DA:551,12
DA:555,1
DA:556,1
DA:557,1
DA:558,1
DA:559,1
DA:560,1
DA:561,1
DA:562,1
DA:565,1
DA:566,1
DA:567,1
DA:568,1
DA:569,1
DA:570,1
DA:571,1
DA:572,1
DA:573,1
DA:576,1
DA:577,1
DA:579,1
DA:580,1
DA:581,1
DA:582,1
DA:583,1
DA:584,1
DA:587,1
DA:588,1
DA:589,1
DA:591,1
DA:593,1
DA:594,1
DA:597,1
DA:598,1
DA:599,1
DA:600,1
DA:601,1
DA:602,1
DA:603,1
DA:605,1
DA:606,1
DA:609,1
DA:610,1
DA:611,1
DA:612,1
DA:613,1
DA:614,1
DA:615,1
DA:616,1
DA:617,1
DA:625,2
DA:626,2
DA:627,2
DA:629,4
DA:630,4
DA:631,2
DA:632,2
DA:633,0
DA:635,4
DA:637,6
DA:638,6
DA:639,6
DA:641,6
DA:642,6
DA:643,2
DA:645,4
DA:647,6
DA:651,1
DA:652,1
DA:653,1
DA:654,1
DA:655,1
DA:656,1
DA:657,1
DA:658,1
DA:661,1
DA:662,1
DA:663,1
DA:664,1
DA:665,1
DA:667,1
DA:668,1
BRF:0
BRH:0
LF:387
LH:326
end_of_record
SF:/Users/jean-christophe.saad-dupuy2/src/github.com/autonomous-toaster/spin-rs/src/lib.rs
FN:223,_RNvCsnavbcFppNd_7spin_rs12create_model
FN:209,_RNvCsnavbcFppNd_7spin_rs12generate_lua
FN:167,_RNvCsnavbcFppNd_7spin_rs18verify_with_config
FN:193,_RNvCsnavbcFppNd_7spin_rs5parse
FN:144,_RNvCsnavbcFppNd_7spin_rs6verify
FN:255,_RNvNtCs2QpVtfoC3BR_7spin_rs5testss0_23test_parse_and_generate
FN:263,_RNvNtCs2QpVtfoC3BR_7spin_rs5testss_17test_create_model
FN:232,_RNvNtCs2QpVtfoC3BR_7spin_rs5testss_18test_verify_simple
FN:271,_RNvNtCs2QpVtfoC3BR_7spin_rs5testss_23test_verify_with_config
FN:240,_RNvNtCs2QpVtfoC3BR_7spin_rs5testss_26test_verify_with_assertion
FN:223,_RNvCs2QpVtfoC3BR_7spin_rs12create_model
FN:209,_RNvCs2QpVtfoC3BR_7spin_rs12generate_lua
FN:167,_RNvCs2QpVtfoC3BR_7spin_rs18verify_with_config
FN:193,_RNvCs2QpVtfoC3BR_7spin_rs5parse
FN:144,_RNvCs2QpVtfoC3BR_7spin_rs6verify
FNDA:0,_RNvCsnavbcFppNd_7spin_rs12create_model
FNDA:0,_RNvCsnavbcFppNd_7spin_rs12generate_lua
FNDA:0,_RNvCsnavbcFppNd_7spin_rs18verify_with_config
FNDA:0,_RNvCsnavbcFppNd_7spin_rs5parse
FNDA:9,_RNvCsnavbcFppNd_7spin_rs6verify
FNDA:2,_RNvNtCs2QpVtfoC3BR_7spin_rs5testss0_23test_parse_and_generate
FNDA:1,_RNvNtCs2QpVtfoC3BR_7spin_rs5testss_17test_create_model
FNDA:1,_RNvNtCs2QpVtfoC3BR_7spin_rs5testss_18test_verify_simple
FNDA:1,_RNvNtCs2QpVtfoC3BR_7spin_rs5testss_23test_verify_with_config
FNDA:1,_RNvNtCs2QpVtfoC3BR_7spin_rs5testss_26test_verify_with_assertion
FNDA:1,_RNvCs2QpVtfoC3BR_7spin_rs12create_model
FNDA:2,_RNvCs2QpVtfoC3BR_7spin_rs12generate_lua
FNDA:1,_RNvCs2QpVtfoC3BR_7spin_rs18verify_with_config
FNDA:2,_RNvCs2QpVtfoC3BR_7spin_rs5parse
FNDA:2,_RNvCs2QpVtfoC3BR_7spin_rs6verify
FNF:10
FNH:10
DA:144,11
DA:145,11
DA:146,11
DA:147,11
DA:148,11
DA:149,11
DA:150,11
DA:167,1
DA:168,1
DA:169,1
DA:170,1
DA:171,1
DA:172,1
DA:173,1
DA:174,1
DA:175,1
DA:176,1
DA:178,1
DA:179,1
DA:180,1
DA:193,2
DA:194,2
DA:195,2
DA:209,2
DA:210,2
DA:211,2
DA:223,1
DA:224,1
DA:225,1
DA:232,1
DA:233,1
DA:234,1
DA:235,1
DA:236,1
DA:237,1
DA:240,1
DA:241,1
DA:242,1
DA:243,1
DA:244,1
DA:245,1
DA:246,1
DA:247,1
DA:248,1
DA:249,1
DA:250,1
DA:255,2
DA:256,2
DA:257,2
DA:258,2
DA:259,2
DA:260,2
DA:263,1
DA:264,1
DA:265,1
DA:266,1
DA:267,1
DA:268,1
DA:271,1
DA:272,1
DA:273,1
DA:274,1
DA:275,1
DA:276,1
DA:277,1
DA:278,1
DA:279,1
DA:280,1
DA:281,1
DA:282,1
DA:283,1
BRF:0
BRH:0
LF:71
LH:71
end_of_record
SF:/Users/jean-christophe.saad-dupuy2/src/github.com/autonomous-toaster/spin-rs/src/main.rs
FN:1,_RNvCscWBiEIP4H4p_7spin_rs4main
FN:1,_RNvCs6YJ4Xuk89jJ_7spin_rs4main
FNDA:0,_RNvCscWBiEIP4H4p_7spin_rs4main
FNDA:0,_RNvCs6YJ4Xuk89jJ_7spin_rs4main
FNF:1
FNH:0
DA:1,0
DA:2,0
DA:4,0
DA:6,0
DA:7,0
DA:8,0
DA:9,0
DA:11,0
DA:12,0
DA:13,0
DA:14,0
DA:15,0
BRF:0
BRH:0
LF:12
LH:0
end_of_record
SF:/Users/jean-christophe.saad-dupuy2/src/github.com/autonomous-toaster/spin-rs/src/parser/ast.rs
FN:234,_RNvXNtNtCsnavbcFppNd_7spin_rs6parser3astNtB2_7VarTypeNtNtCsl8K0bEFm1U0_4core3fmt7Display3fmt
FN:234,_RNvXNtNtCs2QpVtfoC3BR_7spin_rs6parser3astNtB2_7VarTypeNtNtCsl8K0bEFm1U0_4core3fmt7Display3fmt
FNDA:0,_RNvXNtNtCsnavbcFppNd_7spin_rs6parser3astNtB2_7VarTypeNtNtCsl8K0bEFm1U0_4core3fmt7Display3fmt
FNDA:0,_RNvXNtNtCs2QpVtfoC3BR_7spin_rs6parser3astNtB2_7VarTypeNtNtCsl8K0bEFm1U0_4core3fmt7Display3fmt
FNF:1
FNH:0
DA:234,0
DA:235,0
DA:236,0
DA:237,0
DA:238,0
DA:239,0
DA:240,0
DA:241,0
DA:242,0
DA:243,0
DA:244,0
DA:245,0
DA:247,0
BRF:0
BRH:0
LF:13
LH:0
end_of_record
SF:/Users/jean-christophe.saad-dupuy2/src/github.com/autonomous-toaster/spin-rs/src/parser/mod.rs
FN:164,_RNCNCNvNtCsnavbcFppNd_7spin_rs6parser8var_type00B7_
FN:218,_RNCNvNtCsnavbcFppNd_7spin_rs6parser10comparison0B5_
FN:220,_RNCNvNtCsnavbcFppNd_7spin_rs6parser10comparisons0_0B5_
FN:221,_RNCNvNtCsnavbcFppNd_7spin_rs6parser10comparisons1_0B5_
FN:222,_RNCNvNtCsnavbcFppNd_7spin_rs6parser10comparisons2_0B5_
FN:223,_RNCNvNtCsnavbcFppNd_7spin_rs6parser10comparisons3_0B5_
FN:219,_RNCNvNtCsnavbcFppNd_7spin_rs6parser10comparisons_0B5_
FN:518,_RNCNvNtCsnavbcFppNd_7spin_rs6parser10parse_file0B5_
FN:140,_RNCNvNtCsnavbcFppNd_7spin_rs6parser11int_literal0B5_
FN:482,_RNCNvNtCsnavbcFppNd_7spin_rs6parser11ltl_formula0B5_
FN:493,_RNCNvNtCsnavbcFppNd_7spin_rs6parser12preprocessor0B5_
FN:147,_RNCNvNtCsnavbcFppNd_7spin_rs6parser14string_literal0B5_
FN:252,_RNCNvNtCsnavbcFppNd_7spin_rs6parser4term0B5_
FN:254,_RNCNvNtCsnavbcFppNd_7spin_rs6parser4terms0_0B5_
FN:253,_RNCNvNtCsnavbcFppNd_7spin_rs6parser4terms_0B5_
FN:510,_RNCNvNtCsnavbcFppNd_7spin_rs6parser5parse0B5_
FN:269,_RNCNvNtCsnavbcFppNd_7spin_rs6parser5unary0B5_
FN:275,_RNCNvNtCsnavbcFppNd_7spin_rs6parser5unarys0_0B5_
FN:272,_RNCNvNtCsnavbcFppNd_7spin_rs6parser5unarys_0B5_
FN:79,_RNCNvNtCsnavbcFppNd_7spin_rs6parser6symbol0B5_
FN:86,_RNCNvNtCsnavbcFppNd_7spin_rs6parser7keyword0B5_
FN:51,_RNCNvNtCsnavbcFppNd_7spin_rs6parser7skip_ws0B5_
FN:41,_RNCNvNtCsnavbcFppNd_7spin_rs6parser7ws_char0B5_
FN:237,_RNCNvNtCsnavbcFppNd_7spin_rs6parser8addition0B5_
FN:238,_RNCNvNtCsnavbcFppNd_7spin_rs6parser8additions_0B5_
FN:164,_RNCNvNtCsnavbcFppNd_7spin_rs6parser8var_type0B5_
FN:392,_RNvNtCsnavbcFppNd_7spin_rs6parser10break_stmt
FN:215,_RNvNtCsnavbcFppNd_7spin_rs6parser10comparison
FN:355,_RNvNtCsnavbcFppNd_7spin_rs6parser10guard_body
FN:516,_RNvNtCsnavbcFppNd_7spin_rs6parser10parse_file
FN:397,_RNvNtCsnavbcFppNd_7spin_rs6parser11assert_stmt
FN:204,_RNvNtCsnavbcFppNd_7spin_rs6parser11conjunction
FN:192,_RNvNtCsnavbcFppNd_7spin_rs6parser11disjunction
FN:137,_RNvNtCsnavbcFppNd_7spin_rs6parser11int_literal
FN:478,_RNvNtCsnavbcFppNd_7spin_rs6parser11ltl_formula
FN:473,_RNvNtCsnavbcFppNd_7spin_rs6parser11never_claim
FN:403,_RNvNtCsnavbcFppNd_7spin_rs6parser11printf_stmt
FN:100,_RNvNtCsnavbcFppNd_7spin_rs6parser12keyword_list
FN:488,_RNvNtCsnavbcFppNd_7spin_rs6parser12preprocessor
FN:452,_RNvNtCsnavbcFppNd_7spin_rs6parser12proctype_def
FN:334,_RNvNtCsnavbcFppNd_7spin_rs6parser13var_decl_stmt
FN:109,_RNvNtCsnavbcFppNd_7spin_rs6parser14is_ident_start
FN:145,_RNvNtCsnavbcFppNd_7spin_rs6parser14string_literal
FN:340,_RNvNtCsnavbcFppNd_7spin_rs6parser15assignment_stmt
FN:188,_RNvNtCsnavbcFppNd_7spin_rs6parser4expr
FN:315,_RNvNtCsnavbcFppNd_7spin_rs6parser4stmt
FN:249,_RNvNtCsnavbcFppNd_7spin_rs6parser4term
FN:117,_RNvNtCsnavbcFppNd_7spin_rs6parser5ident
FN:508,_RNvNtCsnavbcFppNd_7spin_rs6parser5parse
FN:265,_RNvNtCsnavbcFppNd_7spin_rs6parser5unary
FN:78,_RNvNtCsnavbcFppNd_7spin_rs6parser6symbol
FN:380,_RNvNtCsnavbcFppNd_7spin_rs6parser7do_stmt
FN:374,_RNvNtCsnavbcFppNd_7spin_rs6parser7if_stmt
FN:85,_RNvNtCsnavbcFppNd_7spin_rs6parser7keyword
FN:300,_RNvNtCsnavbcFppNd_7spin_rs6parser7primary
FN:47,_RNvNtCsnavbcFppNd_7spin_rs6parser7skip_ws
FN:40,_RNvNtCsnavbcFppNd_7spin_rs6parser7ws_char
FN:234,_RNvNtCsnavbcFppNd_7spin_rs6parser8addition
FN:468,_RNvNtCsnavbcFppNd_7spin_rs6parser8init_def
FN:441,_RNvNtCsnavbcFppNd_7spin_rs6parser8run_stmt
FN:176,_RNvNtCsnavbcFppNd_7spin_rs6parser8var_decl
FN:151,_RNvNtCsnavbcFppNd_7spin_rs6parser8var_type
FN:172,_RNvNtCsnavbcFppNd_7spin_rs6parser9array_dim
FN:350,_RNvNtCsnavbcFppNd_7spin_rs6parser9expr_stmt
FN:281,_RNvNtCsnavbcFppNd_7spin_rs6parser9func_call
FN:386,_RNvNtCsnavbcFppNd_7spin_rs6parser9goto_stmt
FN:431,_RNvNtCsnavbcFppNd_7spin_rs6parser9recv_stmt
FN:418,_RNvNtCsnavbcFppNd_7spin_rs6parser9send_stmt
FN:413,_RNvNtCsnavbcFppNd_7spin_rs6parser9skip_stmt
FN:497,_RNvNtCsnavbcFppNd_7spin_rs6parser9top_level
FN:31,_RNvXNtCsnavbcFppNd_7spin_rs6parserNtB2_10ParseErrorNtNtCsl8K0bEFm1U0_4core3fmt7Display3fmt
FN:518,_RNCNvNtCs2QpVtfoC3BR_7spin_rs6parser10parse_file0B5_
FN:516,_RNvNtCs2QpVtfoC3BR_7spin_rs6parser10parse_file
FN:113,_RNvNtCs2QpVtfoC3BR_7spin_rs6parser17is_ident_continue
FN:31,_RNvXNtCs2QpVtfoC3BR_7spin_rs6parserNtB2_10ParseErrorNtNtCsl8K0bEFm1U0_4core3fmt7Display3fmt
FN:392,_RNvNtCs2QpVtfoC3BR_7spin_rs6parser10break_stmt
FN:215,_RNvNtCs2QpVtfoC3BR_7spin_rs6parser10comparison
FN:355,_RNvNtCs2QpVtfoC3BR_7spin_rs6parser10guard_body
FN:397,_RNvNtCs2QpVtfoC3BR_7spin_rs6parser11assert_stmt
FN:204,_RNvNtCs2QpVtfoC3BR_7spin_rs6parser11conjunction
FN:192,_RNvNtCs2QpVtfoC3BR_7spin_rs6parser11disjunction
FN:137,_RNvNtCs2QpVtfoC3BR_7spin_rs6parser11int_literal
FN:478,_RNvNtCs2QpVtfoC3BR_7spin_rs6parser11ltl_formula
FN:473,_RNvNtCs2QpVtfoC3BR_7spin_rs6parser11never_claim
FN:403,_RNvNtCs2QpVtfoC3BR_7spin_rs6parser11printf_stmt
FN:100,_RNvNtCs2QpVtfoC3BR_7spin_rs6parser12keyword_list
FN:488,_RNvNtCs2QpVtfoC3BR_7spin_rs6parser12preprocessor
FN:452,_RNvNtCs2QpVtfoC3BR_7spin_rs6parser12proctype_def
FN:334,_RNvNtCs2QpVtfoC3BR_7spin_rs6parser13var_decl_stmt
FN:109,_RNvNtCs2QpVtfoC3BR_7spin_rs6parser14is_ident_start
FN:145,_RNvNtCs2QpVtfoC3BR_7spin_rs6parser14string_literal
FN:340,_RNvNtCs2QpVtfoC3BR_7spin_rs6parser15assignment_stmt
FN:188,_RNvNtCs2QpVtfoC3BR_7spin_rs6parser4expr
FN:315,_RNvNtCs2QpVtfoC3BR_7spin_rs6parser4stmt
FN:249,_RNvNtCs2QpVtfoC3BR_7spin_rs6parser4term
FN:117,_RNvNtCs2QpVtfoC3BR_7spin_rs6parser5ident
FN:508,_RNvNtCs2QpVtfoC3BR_7spin_rs6parser5parse
FN:265,_RNvNtCs2QpVtfoC3BR_7spin_rs6parser5unary
FN:78,_RNvNtCs2QpVtfoC3BR_7spin_rs6parser6symbol
FN:380,_RNvNtCs2QpVtfoC3BR_7spin_rs6parser7do_stmt
FN:374,_RNvNtCs2QpVtfoC3BR_7spin_rs6parser7if_stmt
FN:85,_RNvNtCs2QpVtfoC3BR_7spin_rs6parser7keyword
FN:300,_RNvNtCs2QpVtfoC3BR_7spin_rs6parser7primary
FN:47,_RNvNtCs2QpVtfoC3BR_7spin_rs6parser7skip_ws
FN:40,_RNvNtCs2QpVtfoC3BR_7spin_rs6parser7ws_char
FN:234,_RNvNtCs2QpVtfoC3BR_7spin_rs6parser8addition
FN:468,_RNvNtCs2QpVtfoC3BR_7spin_rs6parser8init_def
FN:441,_RNvNtCs2QpVtfoC3BR_7spin_rs6parser8run_stmt
FN:176,_RNvNtCs2QpVtfoC3BR_7spin_rs6parser8var_decl
FN:151,_RNvNtCs2QpVtfoC3BR_7spin_rs6parser8var_type
FN:172,_RNvNtCs2QpVtfoC3BR_7spin_rs6parser9array_dim
FN:350,_RNvNtCs2QpVtfoC3BR_7spin_rs6parser9expr_stmt
FN:281,_RNvNtCs2QpVtfoC3BR_7spin_rs6parser9func_call
FN:386,_RNvNtCs2QpVtfoC3BR_7spin_rs6parser9goto_stmt
FN:431,_RNvNtCs2QpVtfoC3BR_7spin_rs6parser9recv_stmt
FN:418,_RNvNtCs2QpVtfoC3BR_7spin_rs6parser9send_stmt
FN:413,_RNvNtCs2QpVtfoC3BR_7spin_rs6parser9skip_stmt
FN:497,_RNvNtCs2QpVtfoC3BR_7spin_rs6parser9top_level
FN:556,_RNvNtNtCs2QpVtfoC3BR_7spin_rs6parser5testss_10test_do_od
FN:544,_RNvNtNtCs2QpVtfoC3BR_7spin_rs6parser5testss_10test_if_fi
FN:568,_RNvNtNtCs2QpVtfoC3BR_7spin_rs6parser5testss_16test_ltl_formula
FN:581,_RNvNtNtCs2QpVtfoC3BR_7spin_rs6parser5testss_17test_preprocessor
FN:525,_RNvNtNtCs2QpVtfoC3BR_7spin_rs6parser5testss_19test_basic_var_decl
FN:531,_RNvNtNtCs2QpVtfoC3BR_7spin_rs6parser5testss_20test_active_proctype
FN:591,_RNvNtNtCs2QpVtfoC3BR_7spin_rs6parser5testss_22test_channel_send_recv
FN:164,_RNCNCNvNtCs2QpVtfoC3BR_7spin_rs6parser8var_type00B7_
FN:218,_RNCNvNtCs2QpVtfoC3BR_7spin_rs6parser10comparison0B5_
FN:220,_RNCNvNtCs2QpVtfoC3BR_7spin_rs6parser10comparisons0_0B5_
FN:221,_RNCNvNtCs2QpVtfoC3BR_7spin_rs6parser10comparisons1_0B5_
FN:222,_RNCNvNtCs2QpVtfoC3BR_7spin_rs6parser10comparisons2_0B5_
FN:223,_RNCNvNtCs2QpVtfoC3BR_7spin_rs6parser10comparisons3_0B5_
FN:219,_RNCNvNtCs2QpVtfoC3BR_7spin_rs6parser10comparisons_0B5_
FN:140,_RNCNvNtCs2QpVtfoC3BR_7spin_rs6parser11int_literal0B5_
FN:482,_RNCNvNtCs2QpVtfoC3BR_7spin_rs6parser11ltl_formula0B5_
FN:493,_RNCNvNtCs2QpVtfoC3BR_7spin_rs6parser12preprocessor0B5_
FN:147,_RNCNvNtCs2QpVtfoC3BR_7spin_rs6parser14string_literal0B5_
FN:252,_RNCNvNtCs2QpVtfoC3BR_7spin_rs6parser4term0B5_
FN:254,_RNCNvNtCs2QpVtfoC3BR_7spin_rs6parser4terms0_0B5_
FN:253,_RNCNvNtCs2QpVtfoC3BR_7spin_rs6parser4terms_0B5_
FN:510,_RNCNvNtCs2QpVtfoC3BR_7spin_rs6parser5parse0B5_
FN:269,_RNCNvNtCs2QpVtfoC3BR_7spin_rs6parser5unary0B5_
FN:275,_RNCNvNtCs2QpVtfoC3BR_7spin_rs6parser5unarys0_0B5_
FN:272,_RNCNvNtCs2QpVtfoC3BR_7spin_rs6parser5unarys_0B5_
FN:79,_RNCNvNtCs2QpVtfoC3BR_7spin_rs6parser6symbol0B5_
FN:86,_RNCNvNtCs2QpVtfoC3BR_7spin_rs6parser7keyword0B5_
FN:51,_RNCNvNtCs2QpVtfoC3BR_7spin_rs6parser7skip_ws0B5_
FN:41,_RNCNvNtCs2QpVtfoC3BR_7spin_rs6parser7ws_char0B5_
FN:237,_RNCNvNtCs2QpVtfoC3BR_7spin_rs6parser8addition0B5_
FN:238,_RNCNvNtCs2QpVtfoC3BR_7spin_rs6parser8additions_0B5_
FN:164,_RNCNvNtCs2QpVtfoC3BR_7spin_rs6parser8var_type0B5_
FNDA:0,_RNCNCNvNtCsnavbcFppNd_7spin_rs6parser8var_type00B7_
FNDA:0,_RNCNvNtCsnavbcFppNd_7spin_rs6parser10comparison0B5_
FNDA:0,_RNCNvNtCsnavbcFppNd_7spin_rs6parser10comparisons0_0B5_
FNDA:7,_RNCNvNtCsnavbcFppNd_7spin_rs6parser10comparisons1_0B5_
FNDA:1,_RNCNvNtCsnavbcFppNd_7spin_rs6parser10comparisons2_0B5_
FNDA:0,_RNCNvNtCsnavbcFppNd_7spin_rs6parser10comparisons3_0B5_
FNDA:1,_RNCNvNtCsnavbcFppNd_7spin_rs6parser10comparisons_0B5_
FNDA:0,_RNCNvNtCsnavbcFppNd_7spin_rs6parser10parse_file0B5_
FNDA:108,_RNCNvNtCsnavbcFppNd_7spin_rs6parser11int_literal0B5_
FNDA:0,_RNCNvNtCsnavbcFppNd_7spin_rs6parser11ltl_formula0B5_
FNDA:11,_RNCNvNtCsnavbcFppNd_7spin_rs6parser12preprocessor0B5_
FNDA:0,_RNCNvNtCsnavbcFppNd_7spin_rs6parser14string_literal0B5_
FNDA:0,_RNCNvNtCsnavbcFppNd_7spin_rs6parser4term0B5_
FNDA:0,_RNCNvNtCsnavbcFppNd_7spin_rs6parser4terms0_0B5_
FNDA:0,_RNCNvNtCsnavbcFppNd_7spin_rs6parser4terms_0B5_
FNDA:0,_RNCNvNtCsnavbcFppNd_7spin_rs6parser5parse0B5_
FNDA:0,_RNCNvNtCsnavbcFppNd_7spin_rs6parser5unary0B5_
FNDA:0,_RNCNvNtCsnavbcFppNd_7spin_rs6parser5unarys0_0B5_
FNDA:0,_RNCNvNtCsnavbcFppNd_7spin_rs6parser5unarys_0B5_
FNDA:794,_RNCNvNtCsnavbcFppNd_7spin_rs6parser6symbol0B5_
FNDA:1334,_RNCNvNtCsnavbcFppNd_7spin_rs6parser7keyword0B5_
FNDA:5315,_RNCNvNtCsnavbcFppNd_7spin_rs6parser7skip_ws0B5_
FNDA:157,_RNCNvNtCsnavbcFppNd_7spin_rs6parser7ws_char0B5_
FNDA:1,_RNCNvNtCsnavbcFppNd_7spin_rs6parser8addition0B5_
FNDA:0,_RNCNvNtCsnavbcFppNd_7spin_rs6parser8additions_0B5_
FNDA:0,_RNCNvNtCsnavbcFppNd_7spin_rs6parser8var_type0B5_
FNDA:53,_RNvNtCsnavbcFppNd_7spin_rs6parser10break_stmt
FNDA:63,_RNvNtCsnavbcFppNd_7spin_rs6parser10comparison
FNDA:24,_RNvNtCsnavbcFppNd_7spin_rs6parser10guard_body
FNDA:0,_RNvNtCsnavbcFppNd_7spin_rs6parser10parse_file
FNDA:52,_RNvNtCsnavbcFppNd_7spin_rs6parser11assert_stmt
FNDA:63,_RNvNtCsnavbcFppNd_7spin_rs6parser11conjunction
FNDA:63,_RNvNtCsnavbcFppNd_7spin_rs6parser11disjunction
FNDA:82,_RNvNtCsnavbcFppNd_7spin_rs6parser11int_literal
FNDA:23,_RNvNtCsnavbcFppNd_7spin_rs6parser11ltl_formula
FNDA:23,_RNvNtCsnavbcFppNd_7spin_rs6parser11never_claim
FNDA:51,_RNvNtCsnavbcFppNd_7spin_rs6parser11printf_stmt
FNDA:174,_RNvNtCsnavbcFppNd_7spin_rs6parser12keyword_list
FNDA:23,_RNvNtCsnavbcFppNd_7spin_rs6parser12preprocessor
FNDA:28,_RNvNtCsnavbcFppNd_7spin_rs6parser12proctype_def
FNDA:49,_RNvNtCsnavbcFppNd_7spin_rs6parser13var_decl_stmt
FNDA:174,_RNvNtCsnavbcFppNd_7spin_rs6parser14is_ident_start
FNDA:55,_RNvNtCsnavbcFppNd_7spin_rs6parser14string_literal
FNDA:37,_RNvNtCsnavbcFppNd_7spin_rs6parser15assignment_stmt
FNDA:63,_RNvNtCsnavbcFppNd_7spin_rs6parser4expr
FNDA:57,_RNvNtCsnavbcFppNd_7spin_rs6parser4stmt
FNDA:81,_RNvNtCsnavbcFppNd_7spin_rs6parser4term
FNDA:332,_RNvNtCsnavbcFppNd_7spin_rs6parser5ident
FNDA:19,_RNvNtCsnavbcFppNd_7spin_rs6parser5parse
FNDA:81,_RNvNtCsnavbcFppNd_7spin_rs6parser5unary
FNDA:865,_RNvNtCsnavbcFppNd_7spin_rs6parser6symbol
FNDA:55,_RNvNtCsnavbcFppNd_7spin_rs6parser7do_stmt
FNDA:57,_RNvNtCsnavbcFppNd_7spin_rs6parser7if_stmt
FNDA:1495,_RNvNtCsnavbcFppNd_7spin_rs6parser7keyword
FNDA:81,_RNvNtCsnavbcFppNd_7spin_rs6parser7primary
FNDA:3137,_RNvNtCsnavbcFppNd_7spin_rs6parser7skip_ws
FNDA:478,_RNvNtCsnavbcFppNd_7spin_rs6parser7ws_char
FNDA:72,_RNvNtCsnavbcFppNd_7spin_rs6parser8addition
FNDA:23,_RNvNtCsnavbcFppNd_7spin_rs6parser8init_def
FNDA:51,_RNvNtCsnavbcFppNd_7spin_rs6parser8run_stmt
FNDA:85,_RNvNtCsnavbcFppNd_7spin_rs6parser8var_decl
FNDA:85,_RNvNtCsnavbcFppNd_7spin_rs6parser8var_type
FNDA:19,_RNvNtCsnavbcFppNd_7spin_rs6parser9array_dim
FNDA:28,_RNvNtCsnavbcFppNd_7spin_rs6parser9expr_stmt
FNDA:55,_RNvNtCsnavbcFppNd_7spin_rs6parser9func_call
FNDA:53,_RNvNtCsnavbcFppNd_7spin_rs6parser9goto_stmt
FNDA:49,_RNvNtCsnavbcFppNd_7spin_rs6parser9recv_stmt
FNDA:28,_RNvNtCsnavbcFppNd_7spin_rs6parser9send_stmt
FNDA:51,_RNvNtCsnavbcFppNd_7spin_rs6parser9skip_stmt
FNDA:28,_RNvNtCsnavbcFppNd_7spin_rs6parser9top_level
FNDA:0,_RNvXNtCsnavbcFppNd_7spin_rs6parserNtB2_10ParseErrorNtNtCsl8K0bEFm1U0_4core3fmt7Display3fmt
FNDA:0,_RNCNvNtCs2QpVtfoC3BR_7spin_rs6parser10parse_file0B5_
FNDA:0,_RNvNtCs2QpVtfoC3BR_7spin_rs6parser10parse_file
FNDA:0,_RNvNtCs2QpVtfoC3BR_7spin_rs6parser17is_ident_continue
FNDA:0,_RNvXNtCs2QpVtfoC3BR_7spin_rs6parserNtB2_10ParseErrorNtNtCsl8K0bEFm1U0_4core3fmt7Display3fmt
FNDA:45,_RNvNtCs2QpVtfoC3BR_7spin_rs6parser10break_stmt
FNDA:45,_RNvNtCs2QpVtfoC3BR_7spin_rs6parser10comparison
FNDA:9,_RNvNtCs2QpVtfoC3BR_7spin_rs6parser10guard_body
FNDA:44,_RNvNtCs2QpVtfoC3BR_7spin_rs6parser11assert_stmt
FNDA:45,_RNvNtCs2QpVtfoC3BR_7spin_rs6parser11conjunction
FNDA:45,_RNvNtCs2QpVtfoC3BR_7spin_rs6parser11disjunction
FNDA:55,_RNvNtCs2QpVtfoC3BR_7spin_rs6parser11int_literal
FNDA:24,_RNvNtCs2QpVtfoC3BR_7spin_rs6parser11ltl_formula
FNDA:24,_RNvNtCs2QpVtfoC3BR_7spin_rs6parser11never_claim
FNDA:43,_RNvNtCs2QpVtfoC3BR_7spin_rs6parser11printf_stmt
FNDA:111,_RNvNtCs2QpVtfoC3BR_7spin_rs6parser12keyword_list
FNDA:22,_RNvNtCs2QpVtfoC3BR_7spin_rs6parser12preprocessor
FNDA:38,_RNvNtCs2QpVtfoC3BR_7spin_rs6parser12proctype_def
FNDA:42,_RNvNtCs2QpVtfoC3BR_7spin_rs6parser13var_decl_stmt
FNDA:111,_RNvNtCs2QpVtfoC3BR_7spin_rs6parser14is_ident_start
FNDA:35,_RNvNtCs2QpVtfoC3BR_7spin_rs6parser14string_literal
FNDA:33,_RNvNtCs2QpVtfoC3BR_7spin_rs6parser15assignment_stmt
FNDA:45,_RNvNtCs2QpVtfoC3BR_7spin_rs6parser4expr
FNDA:48,_RNvNtCs2QpVtfoC3BR_7spin_rs6parser4stmt
FNDA:55,_RNvNtCs2QpVtfoC3BR_7spin_rs6parser4term
FNDA:265,_RNvNtCs2QpVtfoC3BR_7spin_rs6parser5ident
FNDA:17,_RNvNtCs2QpVtfoC3BR_7spin_rs6parser5parse
FNDA:55,_RNvNtCs2QpVtfoC3BR_7spin_rs6parser5unary
FNDA:660,_RNvNtCs2QpVtfoC3BR_7spin_rs6parser6symbol
FNDA:46,_RNvNtCs2QpVtfoC3BR_7spin_rs6parser7do_stmt
FNDA:48,_RNvNtCs2QpVtfoC3BR_7spin_rs6parser7if_stmt
FNDA:1295,_RNvNtCs2QpVtfoC3BR_7spin_rs6parser7keyword
FNDA:55,_RNvNtCs2QpVtfoC3BR_7spin_rs6parser7primary
FNDA:2596,_RNvNtCs2QpVtfoC3BR_7spin_rs6parser7skip_ws
FNDA:396,_RNvNtCs2QpVtfoC3BR_7spin_rs6parser7ws_char
FNDA:50,_RNvNtCs2QpVtfoC3BR_7spin_rs6parser8addition
FNDA:24,_RNvNtCs2QpVtfoC3BR_7spin_rs6parser8init_def
FNDA:43,_RNvNtCs2QpVtfoC3BR_7spin_rs6parser8run_stmt
FNDA:77,_RNvNtCs2QpVtfoC3BR_7spin_rs6parser8var_decl
FNDA:77,_RNvNtCs2QpVtfoC3BR_7spin_rs6parser8var_type
FNDA:13,_RNvNtCs2QpVtfoC3BR_7spin_rs6parser9array_dim
FNDA:20,_RNvNtCs2QpVtfoC3BR_7spin_rs6parser9expr_stmt
FNDA:31,_RNvNtCs2QpVtfoC3BR_7spin_rs6parser9func_call
FNDA:45,_RNvNtCs2QpVtfoC3BR_7spin_rs6parser9goto_stmt
FNDA:43,_RNvNtCs2QpVtfoC3BR_7spin_rs6parser9recv_stmt
FNDA:21,_RNvNtCs2QpVtfoC3BR_7spin_rs6parser9send_stmt
FNDA:43,_RNvNtCs2QpVtfoC3BR_7spin_rs6parser9skip_stmt
FNDA:38,_RNvNtCs2QpVtfoC3BR_7spin_rs6parser9top_level
FNDA:1,_RNvNtNtCs2QpVtfoC3BR_7spin_rs6parser5testss_10test_do_od
FNDA:1,_RNvNtNtCs2QpVtfoC3BR_7spin_rs6parser5testss_10test_if_fi
FNDA:1,_RNvNtNtCs2QpVtfoC3BR_7spin_rs6parser5testss_16test_ltl_formula
FNDA:1,_RNvNtNtCs2QpVtfoC3BR_7spin_rs6parser5testss_17test_preprocessor
FNDA:1,_RNvNtNtCs2QpVtfoC3BR_7spin_rs6parser5testss_19test_basic_var_decl
FNDA:1,_RNvNtNtCs2QpVtfoC3BR_7spin_rs6parser5testss_20test_active_proctype
FNDA:1,_RNvNtNtCs2QpVtfoC3BR_7spin_rs6parser5testss_22test_channel_send_recv
FNDA:0,_RNCNCNvNtCs2QpVtfoC3BR_7spin_rs6parser8var_type00B7_
FNDA:0,_RNCNvNtCs2QpVtfoC3BR_7spin_rs6parser10comparison0B5_
FNDA:0,_RNCNvNtCs2QpVtfoC3BR_7spin_rs6parser10comparisons0_0B5_
FNDA:2,_RNCNvNtCs2QpVtfoC3BR_7spin_rs6parser10comparisons1_0B5_
FNDA:0,_RNCNvNtCs2QpVtfoC3BR_7spin_rs6parser10comparisons2_0B5_
FNDA:3,_RNCNvNtCs2QpVtfoC3BR_7spin_rs6parser10comparisons3_0B5_
FNDA:0,_RNCNvNtCs2QpVtfoC3BR_7spin_rs6parser10comparisons_0B5_
FNDA:75,_RNCNvNtCs2QpVtfoC3BR_7spin_rs6parser11int_literal0B5_
FNDA:26,_RNCNvNtCs2QpVtfoC3BR_7spin_rs6parser11ltl_formula0B5_
FNDA:11,_RNCNvNtCs2QpVtfoC3BR_7spin_rs6parser12preprocessor0B5_
FNDA:0,_RNCNvNtCs2QpVtfoC3BR_7spin_rs6parser14string_literal0B5_
FNDA:0,_RNCNvNtCs2QpVtfoC3BR_7spin_rs6parser4term0B5_
FNDA:0,_RNCNvNtCs2QpVtfoC3BR_7spin_rs6parser4terms0_0B5_
FNDA:0,_RNCNvNtCs2QpVtfoC3BR_7spin_rs6parser4terms_0B5_
FNDA:0,_RNCNvNtCs2QpVtfoC3BR_7spin_rs6parser5parse0B5_
FNDA:0,_RNCNvNtCs2QpVtfoC3BR_7spin_rs6parser5unary0B5_
FNDA:0,_RNCNvNtCs2QpVtfoC3BR_7spin_rs6parser5unarys0_0B5_
FNDA:0,_RNCNvNtCs2QpVtfoC3BR_7spin_rs6parser5unarys_0B5_
FNDA:601,_RNCNvNtCs2QpVtfoC3BR_7spin_rs6parser6symbol0B5_
FNDA:1170,_RNCNvNtCs2QpVtfoC3BR_7spin_rs6parser7keyword0B5_
FNDA:3020,_RNCNvNtCs2QpVtfoC3BR_7spin_rs6parser7skip_ws0B5_
FNDA:137,_RNCNvNtCs2QpVtfoC3BR_7spin_rs6parser7ws_char0B5_
FNDA:0,_RNCNvNtCs2QpVtfoC3BR_7spin_rs6parser8addition0B5_
FNDA:1,_RNCNvNtCs2QpVtfoC3BR_7spin_rs6parser8additions_0B5_
FNDA:0,_RNCNvNtCs2QpVtfoC3BR_7spin_rs6parser8var_type0B5_
FNF:79
FNH:63
DA:31,0
DA:32,0
DA:33,0
DA:40,874
DA:41,294
DA:42,294
DA:43,294
DA:44,294
DA:45,874
DA:47,5733
DA:48,5733
DA:50,8731
DA:51,8335
DA:52,2998
DA:53,2998
DA:54,2998
DA:55,5733
DA:56,0
DA:57,0
DA:58,0
DA:60,0
DA:61,0
DA:63,5733
DA:64,5733
DA:65,0
DA:66,0
DA:67,0
DA:69,0
DA:70,0
DA:72,5733
DA:73,5733
DA:75,5733
DA:76,5733
DA:78,1525
DA:79,1395
DA:80,1395
DA:81,1395
DA:82,1395
DA:83,1525
DA:85,2790
DA:86,2504
DA:87,2504
DA:88,2504
DA:89,119
DA:90,119
DA:91,0
DA:92,0
DA:93,0
DA:94,0
DA:95,119
DA:96,119
DA:97,2504
DA:98,2790
DA:100,285
DA:101,285
DA:102,285
DA:103,285
DA:104,285
DA:105,285
DA:107,285
DA:109,285
DA:110,285
DA:111,285
DA:113,0
DA:114,0
DA:115,0
DA:117,597
DA:118,597
DA:119,597
DA:120,285
DA:121,0
DA:122,0
DA:123,0
DA:124,0
DA:125,285
DA:126,285
DA:127,285
DA:128,109
DA:129,109
DA:130,109
DA:131,109
DA:132,176
DA:133,176
DA:134,597
DA:137,137
DA:138,137
DA:139,137
DA:140,183
DA:141,46
DA:142,46
DA:143,137
DA:145,90
DA:146,90
DA:147,90
DA:148,0
DA:149,90
DA:151,162
DA:152,162
DA:153,162
DA:154,162
DA:155,162
DA:156,162
DA:157,162
DA:158,162
DA:159,162
DA:160,162
DA:161,162
DA:162,162
DA:164,0
DA:166,162
DA:167,162
DA:168,162
DA:169,162
DA:170,162
DA:172,32
DA:173,32
DA:174,32
DA:176,162
DA:177,162
DA:178,54
DA:179,32
DA:180,32
DA:181,32
DA:182,32
DA:183,32
DA:184,32
DA:185,162
DA:188,108
DA:189,108
DA:190,108
DA:192,108
DA:193,108
DA:195,57
DA:196,0
DA:197,0
DA:198,0
DA:200,57
DA:202,108
DA:204,108
DA:205,108
DA:206,57
DA:207,0
DA:208,0
DA:209,0
DA:210,0
DA:211,57
DA:212,57
DA:213,108
DA:215,108
DA:216,108
DA:217,57
DA:218,57
DA:219,57
DA:220,57
DA:221,57
DA:222,57
DA:223,57
DA:224,57
DA:225,14
DA:226,14
DA:227,14
DA:228,14
DA:230,43
DA:232,108
DA:234,122
DA:235,122
DA:236,71
DA:237,71
DA:238,71
DA:239,71
DA:240,2
DA:241,2
DA:242,2
DA:243,2
DA:245,69
DA:247,122
DA:249,136
DA:250,136
DA:251,73
DA:252,73
DA:253,73
DA:254,73
DA:255,73
DA:256,0
DA:257,0
DA:258,0
DA:259,0
DA:261,73
DA:263,136
DA:265,136
DA:266,136
DA:267,136
DA:268,136
DA:269,0
DA:270,0
DA:271,136
DA:272,0
DA:273,0
DA:274,136
DA:275,0
DA:276,0
DA:278,136
DA:279,136
DA:281,86
DA:282,86
DA:283,23
DA:284,23
DA:285,23
DA:286,23
DA:287,23
DA:288,1
DA:289,1
DA:290,1
DA:291,1
DA:292,1
DA:293,1
DA:294,1
DA:295,1
DA:297,1
DA:298,86
DA:300,136
DA:301,136
DA:302,136
DA:303,136
DA:304,136
DA:305,136
DA:306,136
DA:307,136
DA:308,136
DA:310,136
DA:311,136
DA:312,136
DA:315,105
DA:316,105
DA:317,105
DA:318,105
DA:319,105
DA:320,105
DA:321,105
DA:322,105
DA:323,105
DA:324,105
DA:325,105
DA:326,105
DA:327,105
DA:328,105
DA:329,105
DA:330,105
DA:331,105
DA:332,105
DA:334,91
DA:335,91
DA:336,21
DA:337,21
DA:338,91
DA:340,70
DA:341,70
DA:342,22
DA:343,22
DA:344,21
DA:345,21
DA:346,21
DA:347,21
DA:348,21
DA:349,70
DA:350,48
DA:351,48
DA:352,0
DA:353,0
DA:354,48
DA:355,33
DA:356,33
DA:357,20
DA:358,2
DA:359,2
DA:360,2
DA:361,0
DA:362,0
DA:363,0
DA:364,18
DA:365,18
DA:366,18
DA:367,18
DA:369,0
DA:371,18
DA:372,18
DA:373,33
DA:374,105
DA:375,105
DA:376,4
DA:377,4
DA:378,4
DA:379,105
DA:380,101
DA:381,101
DA:382,9
DA:383,9
DA:384,3
DA:385,101
DA:386,98
DA:387,98
DA:388,0
DA:389,0
DA:390,0
DA:391,98
DA:392,98
DA:393,98
DA:394,2
DA:395,2
DA:396,98
DA:397,96
DA:398,96
DA:399,2
DA:400,2
DA:401,2
DA:402,96
DA:403,94
DA:404,94
DA:405,0
DA:406,0
DA:407,0
DA:408,0
DA:409,0
DA:410,0
DA:411,0
DA:412,94
DA:413,94
DA:414,94
DA:415,2
DA:416,2
DA:417,94
DA:418,49
DA:419,49
DA:420,1
DA:421,1
DA:422,1
DA:423,1
DA:424,1
DA:425,1
DA:426,1
DA:427,1
DA:428,1
DA:429,1
DA:430,49
DA:431,92
DA:432,92
DA:433,23
DA:434,1
DA:435,1
DA:436,1
DA:437,1
DA:438,1
DA:439,1
DA:440,92
DA:441,94
DA:442,94
DA:443,0
DA:444,0
DA:445,0
DA:446,0
DA:447,0
DA:448,0
DA:449,0
DA:450,0
DA:451,94
DA:452,66
DA:453,66
DA:454,66
DA:455,66
DA:456,28
DA:457,28
DA:458,28
DA:459,28
DA:460,28
DA:461,28
DA:462,28
DA:463,19
DA:464,19
DA:465,19
DA:466,19
DA:467,66
DA:468,47
DA:469,47
DA:470,0
DA:471,0
DA:472,47
DA:473,47
DA:474,47
DA:475,0
DA:476,0
DA:477,47
DA:478,47
DA:479,47
DA:480,2
DA:481,2
DA:482,26
DA:483,2
DA:484,2
DA:485,2
DA:486,2
DA:487,47
DA:488,45
DA:489,45
DA:490,45
DA:491,43
DA:492,2
DA:493,22
DA:494,2
DA:495,2
DA:496,45
DA:497,66
DA:498,66
DA:499,66
DA:500,66
DA:501,66
DA:502,66
DA:503,66
DA:504,66
DA:505,66
DA:506,66
DA:507,66
DA:508,36
DA:509,36
DA:510,36
DA:511,36
DA:512,36
DA:513,36
DA:514,36
DA:515,36
DA:516,0
DA:517,0
DA:518,0
DA:519,0
DA:520,0
DA:525,1
DA:526,1
DA:527,1
DA:528,1
DA:529,1
DA:531,1
DA:532,1
DA:533,1
DA:534,1
DA:535,1
DA:536,1
DA:537,1
DA:538,1
DA:540,0
DA:542,1
DA:544,1
DA:545,1
DA:546,1
DA:547,1
DA:548,1
DA:549,1
DA:550,0
DA:552,0
DA:554,1
DA:556,1
DA:557,1
DA:558,1
DA:559,1
DA:560,1
DA:561,1
DA:562,0
DA:564,0
DA:566,1
DA:568,1
DA:569,1
DA:570,1
DA:571,1
DA:572,1
DA:573,1
DA:574,1
DA:575,1
DA:577,0
DA:579,1
DA:581,1
DA:582,1
DA:583,1
DA:584,1
DA:585,1
DA:586,1
DA:587,0
DA:589,1
DA:591,1
DA:592,1
DA:593,1
DA:594,1
DA:595,1
BRF:0
BRH:0
LF:509
LH:417
end_of_record
SF:/Users/jean-christophe.saad-dupuy2/src/github.com/autonomous-toaster/spin-rs/src/por/mod.rs
FN:221,_RINvMs0_NtCs2QpVtfoC3BR_7spin_rs3porINtB6_10PorManagerpE14check_por_safepEB8_
FN:229,_RNCINvMs0_NtCs2QpVtfoC3BR_7spin_rs3porINtB8_10PorManagerpE14check_por_safepE0Ba_
FN:274,_RNvMs0_NtCs2QpVtfoC3BR_7spin_rs3porINtB5_10PorManagerpE11is_on_stackB7_
FN:47,_RNvXININtCs2QpVtfoC3BR_7spin_rs3por0pEINtB5_10PorManagerpENtNtCsl8K0bEFm1U0_4core7default7Default7defaultB7_
FN:282,_RNvYpNtNtCs2QpVtfoC3BR_7spin_rs3por8PorModel10process_idB7_
FN:287,_RNvYpNtNtCs2QpVtfoC3BR_7spin_rs3por8PorModel19is_local_transitionB7_
FN:498,_RNvNtNtCs2QpVtfoC3BR_7spin_rs3por5testss_12test_por_dfs
FN:484,_RNvNtNtCs2QpVtfoC3BR_7spin_rs3por5testss_24test_ample_set_singleton
FN:427,_RNvNtNtCs2QpVtfoC3BR_7spin_rs3por5testss_29test_independence_no_conflict
FN:446,_RNvNtNtCs2QpVtfoC3BR_7spin_rs3por5testss_32test_independence_write_conflict
FN:465,_RNvNtNtCs2QpVtfoC3BR_7spin_rs3por5testss_37test_independence_read_write_conflict
FN:393,_RNvXNtNtCs2QpVtfoC3BR_7spin_rs3por5testsNtB2_9TestModelNtNtNtB6_6engine7checker5Model11init_states
FN:397,_RNvXNtNtCs2QpVtfoC3BR_7spin_rs3por5testsNtB2_9TestModelNtNtNtB6_6engine7checker5Model11transitions
FN:421,_RNvXNtNtCs2QpVtfoC3BR_7spin_rs3por5testsNtB2_9TestModelNtNtNtB6_6engine7checker5Model4hash
FN:86,_RINvMs0_NtCs2QpVtfoC3BR_7spin_rs3porINtB6_10PorManagerhE18analyze_transitionNtNtB6_5tests9TestModelEB8_
FN:167,_RINvMs0_NtCs2QpVtfoC3BR_7spin_rs3porINtB6_10PorManagerhE25compute_ample_set_with_c3NtNtB6_5tests9TestModelEB8_
FN:65,_RINvMs0_NtCs2QpVtfoC3BR_7spin_rs3porINtB6_10PorManagerhE7analyzeNtNtB6_5tests9TestModelEB8_
FN:293,_RINvNtCs2QpVtfoC3BR_7spin_rs3por21check_dfs_por_with_c3NtNtB2_5tests9TestModelEB4_
FN:79,_RNCINvMs0_NtCs2QpVtfoC3BR_7spin_rs3porINtB8_10PorManagerhE7analyzeNtNtB8_5tests9TestModelE0Ba_
FN:349,_RNCINvNtCs2QpVtfoC3BR_7spin_rs3por21check_dfs_por_with_c3NtNtB4_5tests9TestModelE0B6_
FN:235,_RNvMs0_NtCs2QpVtfoC3BR_7spin_rs3porINtB5_10PorManagerhE10push_stackB7_
FN:249,_RNvMs0_NtCs2QpVtfoC3BR_7spin_rs3porINtB5_10PorManagerhE13mark_expandedB7_
FN:132,_RNvMs0_NtCs2QpVtfoC3BR_7spin_rs3porINtB5_10PorManagerhE15are_independentB7_
FN:259,_RNvMs0_NtCs2QpVtfoC3BR_7spin_rs3porINtB5_10PorManagerhE8check_c3B7_
FN:243,_RNvMs0_NtCs2QpVtfoC3BR_7spin_rs3porINtB5_10PorManagerhE9pop_stackB7_
FN:53,_RNvMs_NtCs2QpVtfoC3BR_7spin_rs3porINtB4_10PorManagerhE3newB6_
FNDA:0,_RINvMs0_NtCs2QpVtfoC3BR_7spin_rs3porINtB6_10PorManagerpE14check_por_safepEB8_
FNDA:0,_RNCINvMs0_NtCs2QpVtfoC3BR_7spin_rs3porINtB8_10PorManagerpE14check_por_safepE0Ba_
FNDA:0,_RNvMs0_NtCs2QpVtfoC3BR_7spin_rs3porINtB5_10PorManagerpE11is_on_stackB7_
FNDA:0,_RNvXININtCs2QpVtfoC3BR_7spin_rs3por0pEINtB5_10PorManagerpENtNtCsl8K0bEFm1U0_4core7default7Default7defaultB7_
FNDA:0,_RNvYpNtNtCs2QpVtfoC3BR_7spin_rs3por8PorModel10process_idB7_
FNDA:0,_RNvYpNtNtCs2QpVtfoC3BR_7spin_rs3por8PorModel19is_local_transitionB7_
FNDA:1,_RNvNtNtCs2QpVtfoC3BR_7spin_rs3por5testss_12test_por_dfs
FNDA:1,_RNvNtNtCs2QpVtfoC3BR_7spin_rs3por5testss_24test_ample_set_singleton
FNDA:1,_RNvNtNtCs2QpVtfoC3BR_7spin_rs3por5testss_29test_independence_no_conflict
FNDA:1,_RNvNtNtCs2QpVtfoC3BR_7spin_rs3por5testss_32test_independence_write_conflict
FNDA:1,_RNvNtNtCs2QpVtfoC3BR_7spin_rs3por5testss_37test_independence_read_write_conflict
FNDA:1,_RNvXNtNtCs2QpVtfoC3BR_7spin_rs3por5testsNtB2_9TestModelNtNtNtB6_6engine7checker5Model11init_states
FNDA:5,_RNvXNtNtCs2QpVtfoC3BR_7spin_rs3por5testsNtB2_9TestModelNtNtNtB6_6engine7checker5Model11transitions
FNDA:10,_RNvXNtNtCs2QpVtfoC3BR_7spin_rs3por5testsNtB2_9TestModelNtNtNtB6_6engine7checker5Model4hash
FNDA:6,_RINvMs0_NtCs2QpVtfoC3BR_7spin_rs3porINtB6_10PorManagerhE18analyze_transitionNtNtB6_5tests9TestModelEB8_
FNDA:5,_RINvMs0_NtCs2QpVtfoC3BR_7spin_rs3porINtB6_10PorManagerhE25compute_ample_set_with_c3NtNtB6_5tests9TestModelEB8_
FNDA:4,_RINvMs0_NtCs2QpVtfoC3BR_7spin_rs3porINtB6_10PorManagerhE7analyzeNtNtB6_5tests9TestModelEB8_
FNDA:1,_RINvNtCs2QpVtfoC3BR_7spin_rs3por21check_dfs_por_with_c3NtNtB2_5tests9TestModelEB4_
FNDA:6,_RNCINvMs0_NtCs2QpVtfoC3BR_7spin_rs3porINtB8_10PorManagerhE7analyzeNtNtB8_5tests9TestModelE0Ba_
FNDA:4,_RNCINvNtCs2QpVtfoC3BR_7spin_rs3por21check_dfs_por_with_c3NtNtB4_5tests9TestModelE0B6_
FNDA:4,_RNvMs0_NtCs2QpVtfoC3BR_7spin_rs3porINtB5_10PorManagerhE10push_stackB7_
FNDA:4,_RNvMs0_NtCs2QpVtfoC3BR_7spin_rs3porINtB5_10PorManagerhE13mark_expandedB7_
FNDA:3,_RNvMs0_NtCs2QpVtfoC3BR_7spin_rs3porINtB5_10PorManagerhE15are_independentB7_
FNDA:4,_RNvMs0_NtCs2QpVtfoC3BR_7spin_rs3porINtB5_10PorManagerhE8check_c3B7_
FNDA:4,_RNvMs0_NtCs2QpVtfoC3BR_7spin_rs3porINtB5_10PorManagerhE9pop_stackB7_
FNDA:5,_RNvMs_NtCs2QpVtfoC3BR_7spin_rs3porINtB4_10PorManagerhE3newB6_
FNF:26
FNH:20
DA:47,0
DA:48,0
DA:49,0
DA:53,5
DA:54,5
DA:55,5
DA:56,5
DA:57,5
DA:58,5
DA:59,5
DA:60,5
DA:65,4
DA:66,4
DA:67,4
DA:68,4
DA:69,4
DA:70,4
DA:71,4
DA:73,4
DA:74,0
DA:75,4
DA:77,4
DA:78,4
DA:79,6
DA:80,4
DA:82,4
DA:83,4
DA:84,4
DA:86,6
DA:87,6
DA:88,6
DA:89,6
DA:90,6
DA:91,6
DA:95,6
DA:96,6
DA:97,6
DA:101,6
DA:103,6
DA:104,6
DA:105,6
DA:106,6
DA:107,6
DA:108,0
DA:109,0
DA:110,0
DA:111,0
DA:112,0
DA:113,0
DA:114,0
DA:115,0
DA:118,6
DA:121,6
DA:123,6
DA:124,6
DA:125,6
DA:126,6
DA:127,6
DA:128,6
DA:129,6
DA:132,3
DA:139,3
DA:140,3
DA:141,1
DA:142,2
DA:146,2
DA:147,2
DA:148,1
DA:149,1
DA:152,1
DA:153,1
DA:154,0
DA:155,1
DA:158,1
DA:159,3
DA:167,5
DA:168,5
DA:169,5
DA:170,5
DA:171,5
DA:172,5
DA:173,5
DA:174,5
DA:175,1
DA:176,4
DA:178,4
DA:181,4
DA:183,3
DA:184,1
DA:187,1
DA:188,0
DA:189,1
DA:193,1
DA:194,1
DA:195,0
DA:198,0
DA:199,0
DA:201,0
DA:202,0
DA:203,0
DA:204,0
DA:205,0
DA:206,0
DA:209,0
DA:210,0
DA:211,0
DA:212,0
DA:217,0
DA:218,5
DA:221,0
DA:222,0
DA:223,0
DA:224,0
DA:225,0
DA:226,0
DA:227,0
DA:229,0
DA:230,0
DA:235,4
DA:236,4
DA:237,4
DA:238,4
DA:239,4
DA:240,4
DA:243,4
DA:244,4
DA:245,4
DA:246,4
DA:249,4
DA:250,4
DA:251,4
DA:252,4
DA:253,4
DA:259,4
DA:263,4
DA:265,3
DA:266,3
DA:267,0
DA:268,1
DA:270,1
DA:271,4
DA:274,0
DA:275,0
DA:276,0
DA:282,0
DA:283,0
DA:284,0
DA:287,0
DA:288,0
DA:289,0
DA:293,1
DA:294,1
DA:295,1
DA:296,1
DA:297,1
DA:300,1
DA:301,1
DA:303,1
DA:304,0
DA:305,0
DA:306,0
DA:307,0
DA:308,0
DA:309,0
DA:310,0
DA:311,0
DA:312,0
DA:313,1
DA:315,1
DA:316,1
DA:317,1
DA:318,1
DA:319,1
DA:321,1
DA:322,1
DA:323,1
DA:324,1
DA:325,1
DA:326,1
DA:329,5
DA:330,4
DA:332,4
DA:333,0
DA:334,0
DA:335,4
DA:336,4
DA:337,0
DA:338,0
DA:339,4
DA:341,4
DA:344,4
DA:345,4
DA:348,4
DA:349,4
DA:351,4
DA:354,4
DA:355,4
DA:356,4
DA:358,4
DA:359,4
DA:360,4
DA:361,3
DA:362,3
DA:363,3
DA:367,4
DA:370,1
DA:372,1
DA:373,1
DA:374,1
DA:375,1
DA:376,1
DA:377,1
DA:378,1
DA:379,1
DA:380,1
DA:381,1
DA:393,1
DA:394,1
DA:395,1
DA:397,5
DA:398,5
DA:399,2
DA:400,2
DA:401,2
DA:402,2
DA:403,2
DA:404,2
DA:405,2
DA:406,2
DA:407,2
DA:409,1
DA:410,1
DA:411,1
DA:412,1
DA:413,1
DA:414,1
DA:415,1
DA:416,1
DA:417,1
DA:419,5
DA:421,10
DA:422,10
DA:423,10
DA:427,1
DA:428,1
DA:429,1
DA:430,1
DA:431,1
DA:432,1
DA:433,1
DA:434,1
DA:435,1
DA:436,1
DA:437,1
DA:438,1
DA:439,1
DA:441,1
DA:442,1
DA:443,1
DA:446,1
DA:447,1
DA:448,1
DA:449,1
DA:450,1
DA:451,1
DA:452,1
DA:453,1
DA:454,1
DA:455,1
DA:456,1
DA:457,1
DA:458,1
DA:460,1
DA:461,1
DA:462,1
DA:465,1
DA:466,1
DA:467,1
DA:468,1
DA:469,1
DA:470,1
DA:471,1
DA:472,1
DA:473,1
DA:474,1
DA:475,1
DA:476,1
DA:477,1
DA:479,1
DA:480,1
DA:481,1
DA:484,1
DA:485,1
DA:486,1
DA:487,1
DA:488,1
DA:490,1
DA:491,1
DA:494,1
DA:495,1
DA:498,1
DA:499,1
DA:500,1
DA:502,1
DA:503,1
DA:504,1
BRF:0
BRH:0
LF:309
LH:248
end_of_record
SF:/Users/jean-christophe.saad-dupuy2/src/github.com/autonomous-toaster/spin-rs/src/property/buchi.rs
FN:124,_RINvXININtNtCs2QpVtfoC3BR_7spin_rs8property5buchis_0pEINtB6_12ProductStatepENtNtCsl8K0bEFm1U0_4core4hash4Hash4hashpEBa_
FN:62,_RNvMNtNtCs2QpVtfoC3BR_7spin_rs8property5buchiNtB2_14BuchiAutomaton16transitions_from
FN:71,_RNvMNtNtCs2QpVtfoC3BR_7spin_rs8property5buchiNtB2_14BuchiAutomaton4hash
FN:179,_RNvNtNtNtCs2QpVtfoC3BR_7spin_rs8property5buchi5testss_18test_buchi_trivial
FN:188,_RNvNtNtNtCs2QpVtfoC3BR_7spin_rs8property5buchi5testss_23test_buchi_is_accepting
FN:207,_RNvNtNtNtCs2QpVtfoC3BR_7spin_rs8property5buchi5testss_23test_product_state_hash
FN:232,_RNvNtNtNtCs2QpVtfoC3BR_7spin_rs8property5buchi5testss_24test_buchi_from_ltl_stub
FN:222,_RNvNtNtNtCs2QpVtfoC3BR_7spin_rs8property5buchi5testss_27test_product_state_equality
FN:158,_RNvMs2_NtNtCs2QpVtfoC3BR_7spin_rs8property5buchiINtB5_12ProductStateReE11cached_hashB9_
FN:150,_RNvMs2_NtNtCs2QpVtfoC3BR_7spin_rs8property5buchiINtB5_12ProductStateReE12compute_hashB9_
FN:140,_RNvMs2_NtNtCs2QpVtfoC3BR_7spin_rs8property5buchiINtB5_12ProductStateReE3newB9_
FN:133,_RNvXs1_NtNtCs2QpVtfoC3BR_7spin_rs8property5buchiINtB5_12ProductStateReENtNtCsl8K0bEFm1U0_4core3cmp9PartialEq2eqB9_
FN:57,_RNvMNtNtCs2QpVtfoC3BR_7spin_rs8property5buchiNtB2_14BuchiAutomaton12is_accepting
FN:47,_RNvMNtNtCs2QpVtfoC3BR_7spin_rs8property5buchiNtB2_14BuchiAutomaton7trivial
FN:105,_RNvMNtNtCs2QpVtfoC3BR_7spin_rs8property5buchiNtB2_14BuchiAutomaton8from_ltl
FNDA:0,_RINvXININtNtCs2QpVtfoC3BR_7spin_rs8property5buchis_0pEINtB6_12ProductStatepENtNtCsl8K0bEFm1U0_4core4hash4Hash4hashpEBa_
FNDA:0,_RNvMNtNtCs2QpVtfoC3BR_7spin_rs8property5buchiNtB2_14BuchiAutomaton16transitions_from
FNDA:0,_RNvMNtNtCs2QpVtfoC3BR_7spin_rs8property5buchiNtB2_14BuchiAutomaton4hash
FNDA:1,_RNvNtNtNtCs2QpVtfoC3BR_7spin_rs8property5buchi5testss_18test_buchi_trivial
FNDA:1,_RNvNtNtNtCs2QpVtfoC3BR_7spin_rs8property5buchi5testss_23test_buchi_is_accepting
FNDA:1,_RNvNtNtNtCs2QpVtfoC3BR_7spin_rs8property5buchi5testss_23test_product_state_hash
FNDA:1,_RNvNtNtNtCs2QpVtfoC3BR_7spin_rs8property5buchi5testss_24test_buchi_from_ltl_stub
FNDA:1,_RNvNtNtNtCs2QpVtfoC3BR_7spin_rs8property5buchi5testss_27test_product_state_equality
FNDA:6,_RNvMs2_NtNtCs2QpVtfoC3BR_7spin_rs8property5buchiINtB5_12ProductStateReE11cached_hashB9_
FNDA:7,_RNvMs2_NtNtCs2QpVtfoC3BR_7spin_rs8property5buchiINtB5_12ProductStateReE12compute_hashB9_
FNDA:7,_RNvMs2_NtNtCs2QpVtfoC3BR_7spin_rs8property5buchiINtB5_12ProductStateReE3newB9_
FNDA:2,_RNvXs1_NtNtCs2QpVtfoC3BR_7spin_rs8property5buchiINtB5_12ProductStateReENtNtCsl8K0bEFm1U0_4core3cmp9PartialEq2eqB9_
FNDA:4,_RNvMNtNtCs2QpVtfoC3BR_7spin_rs8property5buchiNtB2_14BuchiAutomaton12is_accepting
FNDA:2,_RNvMNtNtCs2QpVtfoC3BR_7spin_rs8property5buchiNtB2_14BuchiAutomaton7trivial
FNDA:1,_RNvMNtNtCs2QpVtfoC3BR_7spin_rs8property5buchiNtB2_14BuchiAutomaton8from_ltl
FNF:15
FNH:12
DA:47,2
DA:48,2
DA:49,2
DA:50,2
DA:51,2
DA:52,2
DA:53,2
DA:54,2
DA:57,4
DA:58,4
DA:59,4
DA:62,0
DA:63,0
DA:64,0
DA:66,0
DA:68,0
DA:71,0
DA:72,0
DA:73,0
DA:74,0
DA:76,0
DA:77,0
DA:78,0
DA:79,0
DA:80,0
DA:82,0
DA:83,0
DA:84,0
DA:85,0
DA:86,0
DA:87,0
DA:88,0
DA:91,0
DA:92,0
DA:105,1
DA:108,1
DA:109,1
DA:124,0
DA:126,0
DA:127,0
DA:133,2
DA:134,2
DA:135,2
DA:140,7
DA:141,7
DA:142,7
DA:143,7
DA:144,7
DA:145,7
[...]
FNDA:0,_RNvMNtCsnavbcFppNd_7spin_rs7runtimeNtB2_10LuaChannel4send
FNDA:0,_RNvMNtCsnavbcFppNd_7spin_rs7runtimeNtB2_10LuaChannel7is_full
FNDA:0,_RNvMNtCsnavbcFppNd_7spin_rs7runtimeNtB2_10LuaChannel8is_empty
FNDA:19,_RNvMs0_NtCsnavbcFppNd_7spin_rs7runtimeNtB5_8LuaModel10from_model
FNDA:19,_RNvMs0_NtCsnavbcFppNd_7spin_rs7runtimeNtB5_8LuaModel11from_source
FNDA:17,_RNvMs_NtCsnavbcFppNd_7spin_rs7runtimeNtB4_10LuaRuntime10init_state
FNDA:19,_RNvMs_NtCsnavbcFppNd_7spin_rs7runtimeNtB4_10LuaRuntime11load_source
FNDA:0,_RNvMs_NtCsnavbcFppNd_7spin_rs7runtimeNtB4_10LuaRuntime15load_source_str
FNDA:0,_RNvMs_NtCsnavbcFppNd_7spin_rs7runtimeNtB4_10LuaRuntime16register_channel
FNDA:19,_RNvMs_NtCsnavbcFppNd_7spin_rs7runtimeNtB4_10LuaRuntime18register_functions
FNDA:21,_RNvMs_NtCsnavbcFppNd_7spin_rs7runtimeNtB4_10LuaRuntime21enumerate_transitions
FNDA:19,_RNvMs_NtCsnavbcFppNd_7spin_rs7runtimeNtB4_10LuaRuntime3new
FNDA:21,_RNvNtCsnavbcFppNd_7spin_rs7runtime13state_literal
FNDA:128,_RNvNtCsnavbcFppNd_7spin_rs7runtime13val_to_string
FNDA:26,_RNvNtCsnavbcFppNd_7spin_rs7runtime15serialize_table
FNDA:0,_RNvNtCsnavbcFppNd_7spin_rs7runtime6verify
FNDA:17,_RNvXs1_NtCsnavbcFppNd_7spin_rs7runtimeNtB5_8LuaModelNtNtNtB7_6engine7checker5Model11init_states
FNDA:21,_RNvXs1_NtCsnavbcFppNd_7spin_rs7runtimeNtB5_8LuaModelNtNtNtB7_6engine7checker5Model11transitions
FNDA:26,_RNvXs1_NtCsnavbcFppNd_7spin_rs7runtimeNtB5_8LuaModelNtNtNtB7_6engine7checker5Model4hash
FNDA:26,_RINvNtCsnavbcFppNd_7spin_rs7runtime6lua_okNtNtCs1OjIl8oxbrv_5alloc6string6StringEB4_
FNDA:68,_RINvNtCsnavbcFppNd_7spin_rs7runtime6lua_okNtNtCshDqNWq7QJ5R_4mlua5table5TableEB4_
FNDA:9,_RINvNtCsnavbcFppNd_7spin_rs7runtime6lua_okNtNtCshDqNWq7QJ5R_4mlua5value5ValueEB4_
FNDA:71,_RINvNtCsnavbcFppNd_7spin_rs7runtime6lua_okNtNtCshDqNWq7QJ5R_4mlua8function8FunctionEB4_
FNDA:12,_RINvNtCsnavbcFppNd_7spin_rs7runtime6lua_okTNtNtCshDqNWq7QJ5R_4mlua5value5ValueNtNtBJ_5table5TableEEB4_
FNDA:12,_RINvNtCsnavbcFppNd_7spin_rs7runtime6lua_okbEB4_
FNDA:19,_RINvNtCsnavbcFppNd_7spin_rs7runtime6lua_okuEB4_
FNDA:0,_RNCINvNtCsnavbcFppNd_7spin_rs7runtime6lua_okNtNtCs1OjIl8oxbrv_5alloc6string6StringE0B6_
FNDA:0,_RNCINvNtCsnavbcFppNd_7spin_rs7runtime6lua_okNtNtCshDqNWq7QJ5R_4mlua5table5TableE0B6_
FNDA:0,_RNCINvNtCsnavbcFppNd_7spin_rs7runtime6lua_okNtNtCshDqNWq7QJ5R_4mlua5value5ValueE0B6_
FNDA:0,_RNCINvNtCsnavbcFppNd_7spin_rs7runtime6lua_okNtNtCshDqNWq7QJ5R_4mlua8function8FunctionE0B6_
FNDA:0,_RNCINvNtCsnavbcFppNd_7spin_rs7runtime6lua_okTNtNtCshDqNWq7QJ5R_4mlua5value5ValueNtNtBL_5table5TableEE0B6_
FNDA:0,_RNCINvNtCsnavbcFppNd_7spin_rs7runtime6lua_okbE0B6_
FNDA:0,_RNCINvNtCsnavbcFppNd_7spin_rs7runtime6lua_okuE0B6_
FNDA:0,_RNCNCNvMs_NtCsnavbcFppNd_7spin_rs7runtimeNtB8_10LuaRuntime18register_functions00Ba_
FNDA:0,_RNCNCNvMs_NtCsnavbcFppNd_7spin_rs7runtimeNtB8_10LuaRuntime18register_functionss4_00Ba_
FNDA:0,_RNCNvMs_NtCsnavbcFppNd_7spin_rs7runtimeNtB6_10LuaRuntime10init_state0B8_
FNDA:0,_RNCNvMs_NtCsnavbcFppNd_7spin_rs7runtimeNtB6_10LuaRuntime16register_channel0B8_
FNDA:0,_RNCNvMs_NtCsnavbcFppNd_7spin_rs7runtimeNtB6_10LuaRuntime18register_functions0B8_
FNDA:0,_RNCNvMs_NtCsnavbcFppNd_7spin_rs7runtimeNtB6_10LuaRuntime18register_functionss0_0B8_
FNDA:0,_RNCNvMs_NtCsnavbcFppNd_7spin_rs7runtimeNtB6_10LuaRuntime18register_functionss1_0B8_
FNDA:0,_RNCNvMs_NtCsnavbcFppNd_7spin_rs7runtimeNtB6_10LuaRuntime18register_functionss2_0B8_
FNDA:1,_RNCNvMs_NtCsnavbcFppNd_7spin_rs7runtimeNtB6_10LuaRuntime18register_functionss3_0B8_
FNDA:0,_RNCNvMs_NtCsnavbcFppNd_7spin_rs7runtimeNtB6_10LuaRuntime18register_functionss4_0B8_
FNDA:0,_RNCNvMs_NtCsnavbcFppNd_7spin_rs7runtimeNtB6_10LuaRuntime18register_functionss5_0B8_
FNDA:0,_RNCNvMs_NtCsnavbcFppNd_7spin_rs7runtimeNtB6_10LuaRuntime18register_functionss_0B8_
FNDA:0,_RNCNvMs_NtCsnavbcFppNd_7spin_rs7runtimeNtB6_10LuaRuntime3new0B8_
FNDA:49,_RNCNvNtCsnavbcFppNd_7spin_rs7runtime13state_literal0B5_
FNDA:49,_RNCNvNtCsnavbcFppNd_7spin_rs7runtime13state_literals_0B5_
FNDA:43,_RNCNvNtCsnavbcFppNd_7spin_rs7runtime15serialize_table0B5_
FNDA:9,_RNCNvXs1_NtCsnavbcFppNd_7spin_rs7runtimeNtB7_8LuaModelNtNtNtB9_6engine7checker5Model11transitions0B9_
FNDA:14,_RINvNtCs2QpVtfoC3BR_7spin_rs7runtime6lua_okNtNtCs1OjIl8oxbrv_5alloc6string6StringEB4_
FNDA:30,_RINvNtCs2QpVtfoC3BR_7spin_rs7runtime6lua_okNtNtCshDqNWq7QJ5R_4mlua5table5TableEB4_
FNDA:9,_RINvNtCs2QpVtfoC3BR_7spin_rs7runtime6lua_okNtNtCshDqNWq7QJ5R_4mlua5value5ValueEB4_
FNDA:42,_RINvNtCs2QpVtfoC3BR_7spin_rs7runtime6lua_okNtNtCshDqNWq7QJ5R_4mlua8function8FunctionEB4_
FNDA:10,_RINvNtCs2QpVtfoC3BR_7spin_rs7runtime6lua_okTNtNtCshDqNWq7QJ5R_4mlua5value5ValueNtNtBK_5table5TableEEB4_
FNDA:10,_RINvNtCs2QpVtfoC3BR_7spin_rs7runtime6lua_okbEB4_
FNDA:5,_RINvNtCs2QpVtfoC3BR_7spin_rs7runtime6lua_okuEB4_
FNDA:0,_RNCINvNtCs2QpVtfoC3BR_7spin_rs7runtime6lua_okNtNtCs1OjIl8oxbrv_5alloc6string6StringE0B6_
FNDA:0,_RNCINvNtCs2QpVtfoC3BR_7spin_rs7runtime6lua_okNtNtCshDqNWq7QJ5R_4mlua5table5TableE0B6_
FNDA:0,_RNCINvNtCs2QpVtfoC3BR_7spin_rs7runtime6lua_okNtNtCshDqNWq7QJ5R_4mlua5value5ValueE0B6_
FNDA:0,_RNCINvNtCs2QpVtfoC3BR_7spin_rs7runtime6lua_okNtNtCshDqNWq7QJ5R_4mlua8function8FunctionE0B6_
FNDA:0,_RNCINvNtCs2QpVtfoC3BR_7spin_rs7runtime6lua_okTNtNtCshDqNWq7QJ5R_4mlua5value5ValueNtNtBM_5table5TableEE0B6_
FNDA:0,_RNCINvNtCs2QpVtfoC3BR_7spin_rs7runtime6lua_okbE0B6_
FNDA:0,_RNCINvNtCs2QpVtfoC3BR_7spin_rs7runtime6lua_okuE0B6_
FNDA:0,_RNCNCNvMs_NtCs2QpVtfoC3BR_7spin_rs7runtimeNtB8_10LuaRuntime18register_functions00Ba_
FNDA:0,_RNCNCNvMs_NtCs2QpVtfoC3BR_7spin_rs7runtimeNtB8_10LuaRuntime18register_functionss4_00Ba_
FNDA:0,_RNCNvMs_NtCs2QpVtfoC3BR_7spin_rs7runtimeNtB6_10LuaRuntime10init_state0B8_
FNDA:1,_RNCNvMs_NtCs2QpVtfoC3BR_7spin_rs7runtimeNtB6_10LuaRuntime16register_channel0B8_
FNDA:0,_RNCNvMs_NtCs2QpVtfoC3BR_7spin_rs7runtimeNtB6_10LuaRuntime18register_functions0B8_
FNDA:0,_RNCNvMs_NtCs2QpVtfoC3BR_7spin_rs7runtimeNtB6_10LuaRuntime18register_functionss0_0B8_
FNDA:0,_RNCNvMs_NtCs2QpVtfoC3BR_7spin_rs7runtimeNtB6_10LuaRuntime18register_functionss1_0B8_
FNDA:0,_RNCNvMs_NtCs2QpVtfoC3BR_7spin_rs7runtimeNtB6_10LuaRuntime18register_functionss2_0B8_
FNDA:1,_RNCNvMs_NtCs2QpVtfoC3BR_7spin_rs7runtimeNtB6_10LuaRuntime18register_functionss3_0B8_
FNDA:0,_RNCNvMs_NtCs2QpVtfoC3BR_7spin_rs7runtimeNtB6_10LuaRuntime18register_functionss4_0B8_
FNDA:0,_RNCNvMs_NtCs2QpVtfoC3BR_7spin_rs7runtimeNtB6_10LuaRuntime18register_functionss5_0B8_
FNDA:0,_RNCNvMs_NtCs2QpVtfoC3BR_7spin_rs7runtimeNtB6_10LuaRuntime18register_functionss_0B8_
FNDA:0,_RNCNvMs_NtCs2QpVtfoC3BR_7spin_rs7runtimeNtB6_10LuaRuntime3new0B8_
FNDA:20,_RNCNvNtCs2QpVtfoC3BR_7spin_rs7runtime13state_literal0B5_
FNDA:20,_RNCNvNtCs2QpVtfoC3BR_7spin_rs7runtime13state_literals_0B5_
FNDA:28,_RNCNvNtCs2QpVtfoC3BR_7spin_rs7runtime15serialize_table0B5_
FNDA:9,_RNCNvXs1_NtCs2QpVtfoC3BR_7spin_rs7runtimeNtB7_8LuaModelNtNtNtB9_6engine7checker5Model11transitions0B9_
FNDA:0,_RNvMs_NtCs2QpVtfoC3BR_7spin_rs7runtimeNtB4_10LuaRuntime15load_source_str
FNDA:1,_RNvNtNtCs2QpVtfoC3BR_7spin_rs7runtime5testss_18test_verify_simple
FNDA:1,_RNvNtNtCs2QpVtfoC3BR_7spin_rs7runtime5testss_21test_lua_runtime_init
FNDA:1,_RNvNtNtCs2QpVtfoC3BR_7spin_rs7runtime5testss_22test_channel_send_recv
FNDA:0,_RNvMNtCs2QpVtfoC3BR_7spin_rs7runtimeNtB2_10LuaChannel3len
FNDA:1,_RNvMNtCs2QpVtfoC3BR_7spin_rs7runtimeNtB2_10LuaChannel3new
FNDA:1,_RNvMNtCs2QpVtfoC3BR_7spin_rs7runtimeNtB2_10LuaChannel4recv
FNDA:1,_RNvMNtCs2QpVtfoC3BR_7spin_rs7runtimeNtB2_10LuaChannel4send
FNDA:0,_RNvMNtCs2QpVtfoC3BR_7spin_rs7runtimeNtB2_10LuaChannel7is_full
FNDA:1,_RNvMNtCs2QpVtfoC3BR_7spin_rs7runtimeNtB2_10LuaChannel8is_empty
FNDA:5,_RNvMs0_NtCs2QpVtfoC3BR_7spin_rs7runtimeNtB5_8LuaModel10from_model
FNDA:5,_RNvMs0_NtCs2QpVtfoC3BR_7spin_rs7runtimeNtB5_8LuaModel11from_source
FNDA:5,_RNvMs_NtCs2QpVtfoC3BR_7spin_rs7runtimeNtB4_10LuaRuntime10init_state
FNDA:5,_RNvMs_NtCs2QpVtfoC3BR_7spin_rs7runtimeNtB4_10LuaRuntime11load_source
FNDA:1,_RNvMs_NtCs2QpVtfoC3BR_7spin_rs7runtimeNtB4_10LuaRuntime16register_channel
FNDA:7,_RNvMs_NtCs2QpVtfoC3BR_7spin_rs7runtimeNtB4_10LuaRuntime18register_functions
FNDA:8,_RNvMs_NtCs2QpVtfoC3BR_7spin_rs7runtimeNtB4_10LuaRuntime21enumerate_transitions
FNDA:7,_RNvMs_NtCs2QpVtfoC3BR_7spin_rs7runtimeNtB4_10LuaRuntime3new
FNDA:8,_RNvNtCs2QpVtfoC3BR_7spin_rs7runtime13state_literal
FNDA:74,_RNvNtCs2QpVtfoC3BR_7spin_rs7runtime13val_to_string
FNDA:14,_RNvNtCs2QpVtfoC3BR_7spin_rs7runtime15serialize_table
FNDA:1,_RNvNtCs2QpVtfoC3BR_7spin_rs7runtime6verify
FNDA:5,_RNvXs1_NtCs2QpVtfoC3BR_7spin_rs7runtimeNtB5_8LuaModelNtNtNtB7_6engine7checker5Model11init_states
FNDA:8,_RNvXs1_NtCs2QpVtfoC3BR_7spin_rs7runtimeNtB5_8LuaModelNtNtNtB7_6engine7checker5Model11transitions
FNDA:13,_RNvXs1_NtCs2QpVtfoC3BR_7spin_rs7runtimeNtB5_8LuaModelNtNtNtB7_6engine7checker5Model4hash
FNF:44
FNH:29
DA:20,1
DA:21,1
DA:22,1
DA:23,1
DA:24,1
DA:25,1
DA:27,1
DA:28,1
DA:29,0
DA:30,1
DA:31,1
DA:32,1
DA:33,1
DA:35,1
DA:36,1
DA:37,0
DA:39,1
DA:41,1
DA:43,0
DA:44,0
DA:45,0
DA:46,0
DA:47,0
DA:48,0
DA:49,1
DA:50,1
DA:51,1
DA:55,337
DA:56,337
DA:57,337
DA:68,26
DA:69,26
DA:70,26
DA:71,26
DA:73,26
DA:74,26
DA:76,26
DA:77,26
DA:79,26
DA:80,26
DA:81,26
DA:82,26
DA:84,26
DA:85,26
DA:86,0
DA:87,0
DA:88,0
DA:90,0
DA:91,0
DA:92,0
DA:95,0
DA:96,0
DA:97,0
DA:98,0
DA:99,0
DA:100,0
DA:103,0
DA:104,0
DA:105,0
DA:106,0
DA:107,0
DA:109,0
DA:110,0
DA:111,0
DA:112,0
DA:114,0
DA:115,26
DA:118,26
DA:119,26
DA:120,0
DA:121,0
DA:123,0
DA:124,0
DA:125,0
DA:128,0
DA:129,0
DA:130,0
DA:131,0
DA:132,0
DA:135,0
DA:136,0
DA:137,0
DA:138,0
DA:140,0
DA:141,26
DA:144,26
DA:145,26
DA:146,0
DA:147,0
DA:148,0
DA:149,0
DA:150,0
DA:151,0
DA:152,0
DA:154,0
DA:155,26
DA:158,26
DA:159,26
DA:160,0
DA:161,0
DA:162,0
DA:163,0
DA:164,0
DA:165,0
DA:166,0
DA:168,0
DA:169,26
DA:172,26
DA:173,26
DA:174,0
DA:175,0
DA:176,0
DA:177,0
DA:178,0
DA:179,0
DA:180,0
DA:182,0
DA:183,26
DA:186,26
DA:187,2
DA:188,0
DA:190,2
DA:192,2
DA:193,26
DA:196,26
DA:197,0
DA:198,0
DA:199,0
DA:200,0
DA:201,26
DA:204,26
DA:205,26
DA:207,26
DA:208,26
DA:211,24
DA:212,24
DA:213,24
DA:214,24
DA:215,24
DA:216,24
DA:217,24
DA:218,24
DA:219,24
DA:220,24
DA:221,24
DA:222,24
DA:223,24
DA:224,24
DA:227,0
DA:228,0
DA:232,0
DA:233,0
DA:236,1
DA:237,1
DA:238,1
DA:239,1
DA:240,1
DA:241,1
DA:242,1
DA:245,22
DA:246,22
DA:247,22
DA:248,22
DA:249,22
DA:255,29
DA:257,29
DA:258,29
DA:259,29
DA:261,29
DA:263,29
DA:264,0
DA:266,29
DA:267,29
DA:269,29
DA:271,29
DA:272,29
DA:273,22
DA:274,22
DA:275,22
DA:276,22
DA:279,22
DA:280,22
DA:281,4
DA:282,18
DA:285,18
DA:286,18
DA:287,18
DA:290,18
DA:291,18
DA:294,29
DA:295,29
DA:301,40
DA:302,40
DA:303,101
DA:304,101
DA:305,101
DA:307,71
DA:309,40
DA:310,101
DA:311,101
DA:312,61
DA:313,61
DA:314,101
DA:315,101
DA:316,101
DA:318,40
DA:319,40
DA:320,40
DA:323,29
DA:324,29
DA:325,29
DA:326,0
DA:327,29
DA:328,29
DA:329,29
DA:330,69
DA:331,69
DA:332,69
DA:333,69
DA:334,69
DA:335,69
DA:336,69
DA:337,29
DA:338,29
DA:339,29
DA:342,202
DA:343,202
DA:344,0
DA:345,0
DA:346,101
DA:347,0
DA:348,0
DA:349,0
DA:351,0
DA:354,101
DA:355,101
DA:356,101
DA:358,0
DA:361,0
DA:362,0
DA:363,0
DA:364,0
DA:365,0
DA:366,0
DA:367,0
DA:369,0
DA:371,202
DA:386,24
DA:387,24
DA:388,24
DA:390,24
DA:391,14
DA:392,0
DA:393,14
DA:396,24
DA:398,24
DA:399,24
DA:400,24
DA:401,24
DA:404,24
DA:405,24
DA:406,24
DA:407,24
DA:413,22
DA:414,22
DA:415,22
DA:416,22
DA:417,0
DA:418,0
DA:419,0
DA:422,22
DA:424,29
DA:425,29
DA:426,29
DA:427,29
DA:428,29
DA:429,29
DA:430,18
DA:431,18
DA:432,18
DA:433,29
DA:434,0
DA:435,0
DA:436,0
DA:439,29
DA:441,39
DA:443,39
DA:444,39
DA:445,39
DA:446,39
DA:452,1
DA:453,1
DA:454,1
DA:455,1
DA:456,1
DA:463,1
DA:464,1
DA:466,1
DA:467,1
DA:468,1
DA:469,1
DA:470,1
DA:471,1
DA:472,1
DA:473,1
DA:474,1
DA:475,1
DA:476,1
DA:477,1
DA:478,1
DA:479,1
DA:480,1
DA:481,1
DA:482,1
DA:483,1
DA:484,1
DA:485,1
DA:486,1
DA:489,1
DA:490,1
DA:491,1
DA:492,1
DA:493,1
DA:494,1
DA:495,1
DA:496,1
DA:497,1
DA:498,1
DA:501,1
DA:502,1
DA:503,1
DA:504,1
DA:505,1
DA:506,1
BRF:0
BRH:0
LF:358
LH:237
end_of_record
SF:/Users/jean-christophe.saad-dupuy2/src/github.com/autonomous-toaster/spin-rs/src/trail/mod.rs
FN:89,_RNvMNtCsnavbcFppNd_7spin_rs5trailNtB2_10ErrorTrail16save_spin_format
FN:131,_RNvMNtCsnavbcFppNd_7spin_rs5trailNtB2_10ErrorTrail3len
FN:45,_RNvMNtCsnavbcFppNd_7spin_rs5trailNtB2_10ErrorTrail3new
FN:113,_RNvMNtCsnavbcFppNd_7spin_rs5trailNtB2_10ErrorTrail5print
FN:136,_RNvMNtCsnavbcFppNd_7spin_rs5trailNtB2_10ErrorTrail8is_empty
FN:82,_RNvMNtCsnavbcFppNd_7spin_rs5trailNtB2_10ErrorTrail9load_json
FN:73,_RNvMNtCsnavbcFppNd_7spin_rs5trailNtB2_10ErrorTrail9save_json
FN:285,_RNvMs0_NtCsnavbcFppNd_7spin_rs5trailNtB5_10TrailStats17print_spin_format
FN:243,_RNvMs0_NtCsnavbcFppNd_7spin_rs5trailNtB5_10TrailStats7compute
FN:56,_RNCNvMNtCsnavbcFppNd_7spin_rs5trailNtB4_10ErrorTrail3new0B6_
FN:85,_RNCNvMNtCsnavbcFppNd_7spin_rs5trailNtB4_10ErrorTrail9load_json0B6_
FN:296,_RINvNtCs2QpVtfoC3BR_7spin_rs5trail14generate_trailpEB4_
FN:113,_RNvMNtCs2QpVtfoC3BR_7spin_rs5trailNtB2_10ErrorTrail5print
FN:136,_RNvMNtCs2QpVtfoC3BR_7spin_rs5trailNtB2_10ErrorTrail8is_empty
FN:285,_RNvMs0_NtCs2QpVtfoC3BR_7spin_rs5trailNtB5_10TrailStats17print_spin_format
FN:203,_RNvMs_NtCs2QpVtfoC3BR_7spin_rs5trailINtB4_13TrailReplayerpE11replay_stepB6_
FN:221,_RNvMs_NtCs2QpVtfoC3BR_7spin_rs5trailINtB4_13TrailReplayerpE5trailB6_
FN:56,_RNCNvMNtCs2QpVtfoC3BR_7spin_rs5trailNtB4_10ErrorTrail3new0B6_
FN:85,_RNCNvMNtCs2QpVtfoC3BR_7spin_rs5trailNtB4_10ErrorTrail9load_json0B6_
FN:171,_RNCNvMs_NtCs2QpVtfoC3BR_7spin_rs5trailINtB6_13TrailReplayerNtNvNtB6_5testss_17test_trail_replay9TestModelE6replays_0B8_
FN:149,_RNvMs_NtCs2QpVtfoC3BR_7spin_rs5trailINtB4_13TrailReplayerNtNvNtB4_5testss_17test_trail_replay9TestModelE3newB6_
FN:154,_RNvMs_NtCs2QpVtfoC3BR_7spin_rs5trailINtB4_13TrailReplayerNtNvNtB4_5testss_17test_trail_replay9TestModelE6replayB6_
FN:89,_RNvMNtCs2QpVtfoC3BR_7spin_rs5trailNtB2_10ErrorTrail16save_spin_format
FN:131,_RNvMNtCs2QpVtfoC3BR_7spin_rs5trailNtB2_10ErrorTrail3len
FN:45,_RNvMNtCs2QpVtfoC3BR_7spin_rs5trailNtB2_10ErrorTrail3new
FN:82,_RNvMNtCs2QpVtfoC3BR_7spin_rs5trailNtB2_10ErrorTrail9load_json
FN:73,_RNvMNtCs2QpVtfoC3BR_7spin_rs5trailNtB2_10ErrorTrail9save_json
FN:243,_RNvMs0_NtCs2QpVtfoC3BR_7spin_rs5trailNtB5_10TrailStats7compute
FN:310,_RNvNtNtCs2QpVtfoC3BR_7spin_rs5trail5tests12sample_trail
FN:356,_RNvNtNtCs2QpVtfoC3BR_7spin_rs5trail5testss_16test_trail_stats
FN:366,_RNvNtNtCs2QpVtfoC3BR_7spin_rs5trail5testss_17test_trail_replay
FN:321,_RNvNtNtCs2QpVtfoC3BR_7spin_rs5trail5testss_19test_trail_creation
FN:342,_RNvNtNtCs2QpVtfoC3BR_7spin_rs5trail5testss_22test_trail_spin_format
FN:328,_RNvNtNtCs2QpVtfoC3BR_7spin_rs5trail5testss_25test_trail_json_roundtrip
FN:372,_RNvXNvNtNtCs2QpVtfoC3BR_7spin_rs5trail5testss_17test_trail_replayNtB2_9TestModelNtNtNtB8_6engine7checker5Model11init_states
FN:373,_RNvXNvNtNtCs2QpVtfoC3BR_7spin_rs5trail5testss_17test_trail_replayNtB2_9TestModelNtNtNtB8_6engine7checker5Model11transitions
FN:381,_RNvXNvNtNtCs2QpVtfoC3BR_7spin_rs5trail5testss_17test_trail_replayNtB2_9TestModelNtNtNtB8_6engine7checker5Model4hash
FNDA:0,_RNvMNtCsnavbcFppNd_7spin_rs5trailNtB2_10ErrorTrail16save_spin_format
FNDA:0,_RNvMNtCsnavbcFppNd_7spin_rs5trailNtB2_10ErrorTrail3len
FNDA:0,_RNvMNtCsnavbcFppNd_7spin_rs5trailNtB2_10ErrorTrail3new
FNDA:0,_RNvMNtCsnavbcFppNd_7spin_rs5trailNtB2_10ErrorTrail5print
FNDA:0,_RNvMNtCsnavbcFppNd_7spin_rs5trailNtB2_10ErrorTrail8is_empty
FNDA:0,_RNvMNtCsnavbcFppNd_7spin_rs5trailNtB2_10ErrorTrail9load_json
FNDA:0,_RNvMNtCsnavbcFppNd_7spin_rs5trailNtB2_10ErrorTrail9save_json
FNDA:0,_RNvMs0_NtCsnavbcFppNd_7spin_rs5trailNtB5_10TrailStats17print_spin_format
FNDA:0,_RNvMs0_NtCsnavbcFppNd_7spin_rs5trailNtB5_10TrailStats7compute
FNDA:0,_RNCNvMNtCsnavbcFppNd_7spin_rs5trailNtB4_10ErrorTrail3new0B6_
FNDA:0,_RNCNvMNtCsnavbcFppNd_7spin_rs5trailNtB4_10ErrorTrail9load_json0B6_
FNDA:0,_RINvNtCs2QpVtfoC3BR_7spin_rs5trail14generate_trailpEB4_
FNDA:0,_RNvMNtCs2QpVtfoC3BR_7spin_rs5trailNtB2_10ErrorTrail5print
FNDA:0,_RNvMNtCs2QpVtfoC3BR_7spin_rs5trailNtB2_10ErrorTrail8is_empty
FNDA:0,_RNvMs0_NtCs2QpVtfoC3BR_7spin_rs5trailNtB5_10TrailStats17print_spin_format
FNDA:0,_RNvMs_NtCs2QpVtfoC3BR_7spin_rs5trailINtB4_13TrailReplayerpE11replay_stepB6_
FNDA:0,_RNvMs_NtCs2QpVtfoC3BR_7spin_rs5trailINtB4_13TrailReplayerpE5trailB6_
FNDA:15,_RNCNvMNtCs2QpVtfoC3BR_7spin_rs5trailNtB4_10ErrorTrail3new0B6_
FNDA:0,_RNCNvMNtCs2QpVtfoC3BR_7spin_rs5trailNtB4_10ErrorTrail9load_json0B6_
FNDA:0,_RNCNvMs_NtCs2QpVtfoC3BR_7spin_rs5trailINtB6_13TrailReplayerNtNvNtB6_5testss_17test_trail_replay9TestModelE6replays_0B8_
FNDA:1,_RNvMs_NtCs2QpVtfoC3BR_7spin_rs5trailINtB4_13TrailReplayerNtNvNtB4_5testss_17test_trail_replay9TestModelE3newB6_
FNDA:1,_RNvMs_NtCs2QpVtfoC3BR_7spin_rs5trailINtB4_13TrailReplayerNtNvNtB4_5testss_17test_trail_replay9TestModelE6replayB6_
FNDA:1,_RNvMNtCs2QpVtfoC3BR_7spin_rs5trailNtB2_10ErrorTrail16save_spin_format
FNDA:3,_RNvMNtCs2QpVtfoC3BR_7spin_rs5trailNtB2_10ErrorTrail3len
FNDA:5,_RNvMNtCs2QpVtfoC3BR_7spin_rs5trailNtB2_10ErrorTrail3new
FNDA:1,_RNvMNtCs2QpVtfoC3BR_7spin_rs5trailNtB2_10ErrorTrail9load_json
FNDA:1,_RNvMNtCs2QpVtfoC3BR_7spin_rs5trailNtB2_10ErrorTrail9save_json
FNDA:1,_RNvMs0_NtCs2QpVtfoC3BR_7spin_rs5trailNtB5_10TrailStats7compute
FNDA:4,_RNvNtNtCs2QpVtfoC3BR_7spin_rs5trail5tests12sample_trail
FNDA:1,_RNvNtNtCs2QpVtfoC3BR_7spin_rs5trail5testss_16test_trail_stats
FNDA:1,_RNvNtNtCs2QpVtfoC3BR_7spin_rs5trail5testss_17test_trail_replay
FNDA:1,_RNvNtNtCs2QpVtfoC3BR_7spin_rs5trail5testss_19test_trail_creation
FNDA:1,_RNvNtNtCs2QpVtfoC3BR_7spin_rs5trail5testss_22test_trail_spin_format
FNDA:1,_RNvNtNtCs2QpVtfoC3BR_7spin_rs5trail5testss_25test_trail_json_roundtrip
FNDA:1,_RNvXNvNtNtCs2QpVtfoC3BR_7spin_rs5trail5testss_17test_trail_replayNtB2_9TestModelNtNtNtB8_6engine7checker5Model11init_states
FNDA:3,_RNvXNvNtNtCs2QpVtfoC3BR_7spin_rs5trail5testss_17test_trail_replayNtB2_9TestModelNtNtNtB8_6engine7checker5Model11transitions
FNDA:1,_RNvXNvNtNtCs2QpVtfoC3BR_7spin_rs5trail5testss_17test_trail_replayNtB2_9TestModelNtNtNtB8_6engine7checker5Model4hash
FNF:26
FNH:18
DA:45,5
DA:46,5
DA:47,5
DA:48,5
DA:49,5
DA:50,5
DA:51,5
DA:52,5
DA:53,5
DA:54,5
DA:55,5
DA:56,15
DA:57,15
DA:58,15
DA:59,15
DA:60,15
DA:61,5
DA:63,5
DA:64,5
DA:65,5
DA:66,5
DA:67,5
DA:68,5
DA:69,5
DA:70,5
DA:73,1
DA:74,1
DA:75,1
DA:76,1
DA:77,1
DA:78,1
DA:79,1
DA:82,1
DA:83,1
DA:84,1
DA:85,1
DA:86,1
DA:89,1
DA:90,1
DA:92,1
DA:93,1
DA:94,1
DA:95,1
DA:96,1
DA:97,1
DA:99,3
DA:100,3
DA:101,3
DA:103,3
DA:106,0
DA:109,1
DA:110,1
DA:113,0
DA:114,0
DA:115,0
DA:116,0
DA:117,0
DA:118,0
DA:120,0
DA:121,0
DA:122,0
DA:123,0
DA:124,0
DA:125,0
DA:126,0
DA:127,0
DA:128,0
DA:131,3
DA:132,3
DA:133,3
DA:136,0
DA:137,0
DA:138,0
DA:149,1
DA:150,1
DA:151,1
DA:154,1
DA:155,1
DA:156,1
DA:158,1
DA:159,0
DA:160,1
DA:163,1
DA:164,1
DA:165,1
DA:166,1
DA:167,1
DA:168,0
DA:171,1
DA:172,1
DA:175,3
DA:176,3
DA:179,3
DA:180,3
DA:181,3
DA:182,3
DA:183,3
DA:184,3
DA:185,3
DA:186,0
DA:189,3
DA:191,0
DA:194,0
DA:196,3
DA:199,1
DA:200,1
DA:203,0
DA:204,0
DA:205,0
DA:206,0
DA:208,0
DA:209,0
DA:211,0
DA:212,0
DA:213,0
DA:214,0
DA:217,0
DA:218,0
DA:221,0
DA:222,0
DA:223,0
DA:243,1
DA:244,1
DA:245,1
DA:246,1
DA:247,1
DA:249,1
DA:251,3
DA:252,3
DA:255,3
DA:256,3
DA:257,3
DA:258,2
DA:259,2
DA:260,2
DA:261,3
DA:262,0
DA:265,3
DA:266,0
DA:267,3
DA:270,3
DA:271,1
DA:272,2
DA:275,1
DA:276,1
DA:277,1
DA:278,1
DA:279,1
DA:280,1
DA:281,1
DA:282,1
DA:285,0
DA:286,0
DA:287,0
DA:288,0
DA:289,0
DA:290,0
DA:291,0
DA:292,0
DA:296,0
DA:297,0
DA:298,0
DA:299,0
DA:300,0
DA:301,0
DA:302,0
DA:303,0
DA:304,0
DA:310,4
DA:311,4
DA:312,4
DA:313,4
DA:314,4
DA:315,4
DA:316,4
DA:317,4
DA:318,4
DA:321,1
DA:322,1
DA:323,1
DA:324,1
DA:325,1
DA:328,1
DA:329,1
DA:330,1
DA:332,1
DA:333,1
DA:335,1
DA:336,1
DA:338,1
DA:339,1
DA:342,1
DA:343,1
DA:344,1
DA:346,1
DA:347,1
DA:349,1
DA:350,1
DA:352,1
DA:353,1
DA:356,1
DA:357,1
DA:358,1
DA:360,1
DA:361,1
DA:362,1
DA:363,1
DA:366,1
DA:372,1
DA:373,3
DA:374,3
DA:375,1
DA:376,1
DA:377,1
DA:378,0
DA:380,3
DA:381,1
DA:384,1
DA:385,1
DA:386,1
DA:387,1
DA:388,1
DA:389,1
DA:390,1
DA:391,1
DA:393,1
DA:394,1
DA:396,1
DA:397,1
DA:398,1
BRF:0
BRH:0
LF:232
LH:171
end_of_record